INFO:root:Input '3', run both methods
INFO:root:2017-08-24 113059
INFO:root:
 --------- Function normalizedata 

INFO:root:All Data before normalizing: [140 140 140 ..., 402 402 402]
INFO:root:
 --------- Function init_data 

INFO:root:Data imported from Excel file [[Timestamp('1993-12-01 00:00:00') datetime.time(0, 0) 140
  0.022974607013301087]
 [Timestamp('1993-12-01 00:00:00') datetime.time(0, 15) 140
  0.022974607013301087]
 [Timestamp('1993-12-01 00:00:00') datetime.time(0, 30) 140
  0.022974607013301087]
 ..., 
 [Timestamp('2016-06-30 00:00:00') datetime.time(7, 0) 402
  0.33978234582829503]
 [Timestamp('2016-06-30 00:00:00') datetime.time(7, 15) 402
  0.33978234582829503]
 [Timestamp('2016-06-30 00:00:00') datetime.time(7, 30) 402
  0.33978234582829503]]
INFO:root:Highest water level 948
INFO:root:Lowest water level 121
INFO:root:
 --------- Function classifyData 

INFO:root:RED_ARRAY [[Timestamp('1993-12-21 00:00:00') datetime.time(13, 45) 700
  0.7001209189842805]
 [Timestamp('1993-12-21 00:00:00') datetime.time(14, 0) 702
  0.7025392986698912]
 [Timestamp('1993-12-21 00:00:00') datetime.time(14, 15) 705
  0.7061668681983071]
 ..., 
 [Timestamp('1995-02-02 00:00:00') datetime.time(22, 15) 700
  0.7001209189842805]
 [Timestamp('1995-02-02 00:00:00') datetime.time(22, 30) 701
  0.7013301088270859]
 [Timestamp('1995-02-02 00:00:00') datetime.time(22, 45) 701
  0.7013301088270859]]
INFO:root:YELLOW_ARRAY [[Timestamp('1993-12-11 00:00:00') datetime.time(13, 45) 287
  0.2007255139056832]
 [Timestamp('1993-12-11 00:00:00') datetime.time(14, 0) 288
  0.20193470374848851]
 [Timestamp('1993-12-11 00:00:00') datetime.time(14, 15) 289
  0.20314389359129384]
 ..., 
 [Timestamp('2016-06-30 00:00:00') datetime.time(7, 0) 402
  0.33978234582829503]
 [Timestamp('2016-06-30 00:00:00') datetime.time(7, 15) 402
  0.33978234582829503]
 [Timestamp('2016-06-30 00:00:00') datetime.time(7, 30) 402
  0.33978234582829503]]
INFO:root:GREEN_ARRAY [[Timestamp('1993-12-01 00:00:00') datetime.time(0, 0) 140
  0.022974607013301087]
 [Timestamp('1993-12-01 00:00:00') datetime.time(0, 15) 140
  0.022974607013301087]
 [Timestamp('1993-12-01 00:00:00') datetime.time(0, 30) 140
  0.022974607013301087]
 ..., 
 [Timestamp('1995-01-22 00:00:00') datetime.time(17, 30) 285
  0.19830713422007254]
 [Timestamp('1995-01-22 00:00:00') datetime.time(17, 45) 285
  0.19830713422007254]
 [Timestamp('1995-01-22 00:00:00') datetime.time(18, 0) 286
  0.19951632406287786]]
INFO:root:-> Waterlevel data in red {1.0}
INFO:root:-> Waterlevel data in yellow {0.3996245076380941}
INFO:root:-> Waterlevel data in green {0.0}
INFO:root:type of red_array: <class 'numpy.ndarray'>
INFO:root:test first element of red_array: 1993-12-21 00:00:00
INFO:root:test second element of red_array: 13:45:00
INFO:root:test third element of red_array: 700
INFO:root:red array 1686
INFO:root:yellow array 13254
INFO:root:green array 2103
INFO:root:non distributed 0
INFO:root:17043
INFO:root:<class 'numpy.ndarray'>
INFO:root:
 --------- Function rateofchange (Method 2)
INFO:root:[]
INFO:root:<class 'list'>
INFO:root:0
INFO:root:Rate of change: 
INFO:root:[]
INFO:root:Length of list of rate_of_change: []
INFO:root:
 --------- Function calAvrMeanValue 

INFO:root:[]
INFO:root:[]
INFO:root:0
INFO:root:0
INFO:root:
 --------- Function calMeanValue 

INFO:root:Red_Zone (normed): Datum     2016-06-30 00:00:00
Zeit                 23:45:00
W [cm]                    948
dtype: object
INFO:root:
Max Yellow_Zone (normed): 0
INFO:root:.... in cm: 121
INFO:root:Min Yellow_Zone (normalized): 0
INFO:root:.... in cm: 121
INFO:root:
Green_Zone (normed): Datum     1993-12-01 00:00:00
Zeit                 00:00:00
W [cm]                    121
dtype: object
INFO:root:
 --------- Function _process_Zone 

INFO:root:Indexing: {8} {40} {72}
INFO:root:Length left list: 0 
INFO:root:Length right list: 0 
INFO:root:LEFT []
INFO:root:RIGHT []
INFO:root:
 --------- Function _findWaterlevel 

INFO:root:RED_RESULT: 
INFO:root:[[datetime.time(0, 0) 17]
 [datetime.time(0, 15) 18]
 [datetime.time(0, 30) 18]
 [datetime.time(0, 45) 18]
 [datetime.time(1, 0) 18]
 [datetime.time(1, 15) 18]
 [datetime.time(1, 30) 18]
 [datetime.time(1, 45) 18]
 [datetime.time(2, 0) 18]
 [datetime.time(2, 15) 18]
 [datetime.time(2, 30) 18]
 [datetime.time(2, 45) 18]
 [datetime.time(3, 0) 18]
 [datetime.time(3, 15) 18]
 [datetime.time(3, 30) 18]
 [datetime.time(3, 45) 18]
 [datetime.time(4, 0) 18]
 [datetime.time(4, 15) 18]
 [datetime.time(4, 30) 18]
 [datetime.time(4, 45) 18]
 [datetime.time(5, 0) 18]
 [datetime.time(5, 15) 18]
 [datetime.time(5, 30) 18]
 [datetime.time(5, 45) 17]
 [datetime.time(6, 0) 17]
 [datetime.time(6, 15) 17]
 [datetime.time(6, 30) 17]
 [datetime.time(6, 45) 17]
 [datetime.time(7, 0) 17]
 [datetime.time(7, 15) 17]
 [datetime.time(7, 30) 17]
 [datetime.time(7, 45) 17]
 [datetime.time(8, 0) 16]
 [datetime.time(8, 15) 16]
 [datetime.time(8, 30) 16]
 [datetime.time(8, 45) 16]
 [datetime.time(9, 0) 16]
 [datetime.time(9, 15) 17]
 [datetime.time(9, 30) 17]
 [datetime.time(9, 45) 17]
 [datetime.time(10, 0) 17]
 [datetime.time(10, 15) 17]
 [datetime.time(10, 30) 17]
 [datetime.time(10, 45) 17]
 [datetime.time(11, 0) 17]
 [datetime.time(11, 15) 17]
 [datetime.time(11, 30) 17]
 [datetime.time(11, 45) 17]
 [datetime.time(12, 0) 17]
 [datetime.time(12, 15) 17]
 [datetime.time(12, 30) 17]
 [datetime.time(12, 45) 17]
 [datetime.time(13, 0) 17]
 [datetime.time(13, 15) 17]
 [datetime.time(13, 30) 17]
 [datetime.time(13, 45) 18]
 [datetime.time(14, 0) 18]
 [datetime.time(14, 15) 18]
 [datetime.time(14, 30) 18]
 [datetime.time(14, 45) 18]
 [datetime.time(15, 0) 18]
 [datetime.time(15, 15) 18]
 [datetime.time(15, 30) 18]
 [datetime.time(15, 45) 18]
 [datetime.time(16, 0) 18]
 [datetime.time(16, 15) 18]
 [datetime.time(16, 30) 18]
 [datetime.time(16, 45) 18]
 [datetime.time(17, 0) 18]
 [datetime.time(17, 15) 18]
 [datetime.time(17, 30) 18]
 [datetime.time(17, 45) 18]
 [datetime.time(18, 0) 18]
 [datetime.time(18, 15) 18]
 [datetime.time(18, 30) 18]
 [datetime.time(18, 45) 18]
 [datetime.time(19, 0) 18]
 [datetime.time(19, 15) 18]
 [datetime.time(19, 30) 18]
 [datetime.time(19, 45) 18]
 [datetime.time(20, 0) 18]
 [datetime.time(20, 15) 18]
 [datetime.time(20, 30) 18]
 [datetime.time(20, 45) 18]
 [datetime.time(21, 0) 18]
 [datetime.time(21, 15) 18]
 [datetime.time(21, 30) 18]
 [datetime.time(21, 45) 18]
 [datetime.time(22, 0) 18]
 [datetime.time(22, 15) 18]
 [datetime.time(22, 30) 18]
 [datetime.time(22, 45) 18]
 [datetime.time(23, 0) 17]
 [datetime.time(23, 15) 17]
 [datetime.time(23, 30) 17]
 [datetime.time(23, 45) 17]]
INFO:root:----------
INFO:root:YELLOW_RESULT: 
INFO:root:[[datetime.time(0, 0) 140]
 [datetime.time(0, 15) 139]
 [datetime.time(0, 30) 139]
 [datetime.time(0, 45) 139]
 [datetime.time(1, 0) 138]
 [datetime.time(1, 15) 138]
 [datetime.time(1, 30) 138]
 [datetime.time(1, 45) 139]
 [datetime.time(2, 0) 139]
 [datetime.time(2, 15) 139]
 [datetime.time(2, 30) 139]
 [datetime.time(2, 45) 139]
 [datetime.time(3, 0) 139]
 [datetime.time(3, 15) 139]
 [datetime.time(3, 30) 139]
 [datetime.time(3, 45) 138]
 [datetime.time(4, 0) 138]
 [datetime.time(4, 15) 138]
 [datetime.time(4, 30) 138]
 [datetime.time(4, 45) 138]
 [datetime.time(5, 0) 138]
 [datetime.time(5, 15) 138]
 [datetime.time(5, 30) 138]
 [datetime.time(5, 45) 139]
 [datetime.time(6, 0) 139]
 [datetime.time(6, 15) 139]
 [datetime.time(6, 30) 139]
 [datetime.time(6, 45) 139]
 [datetime.time(7, 0) 139]
 [datetime.time(7, 15) 139]
 [datetime.time(7, 30) 139]
 [datetime.time(7, 45) 139]
 [datetime.time(8, 0) 140]
 [datetime.time(8, 15) 141]
 [datetime.time(8, 30) 141]
 [datetime.time(8, 45) 141]
 [datetime.time(9, 0) 141]
 [datetime.time(9, 15) 139]
 [datetime.time(9, 30) 138]
 [datetime.time(9, 45) 138]
 [datetime.time(10, 0) 137]
 [datetime.time(10, 15) 137]
 [datetime.time(10, 30) 137]
 [datetime.time(10, 45) 137]
 [datetime.time(11, 0) 137]
 [datetime.time(11, 15) 137]
 [datetime.time(11, 30) 136]
 [datetime.time(11, 45) 136]
 [datetime.time(12, 0) 136]
 [datetime.time(12, 15) 136]
 [datetime.time(12, 30) 136]
 [datetime.time(12, 45) 136]
 [datetime.time(13, 0) 136]
 [datetime.time(13, 15) 136]
 [datetime.time(13, 30) 136]
 [datetime.time(13, 45) 137]
 [datetime.time(14, 0) 137]
 [datetime.time(14, 15) 137]
 [datetime.time(14, 30) 137]
 [datetime.time(14, 45) 137]
 [datetime.time(15, 0) 137]
 [datetime.time(15, 15) 138]
 [datetime.time(15, 30) 138]
 [datetime.time(15, 45) 138]
 [datetime.time(16, 0) 138]
 [datetime.time(16, 15) 138]
 [datetime.time(16, 30) 138]
 [datetime.time(16, 45) 137]
 [datetime.time(17, 0) 137]
 [datetime.time(17, 15) 137]
 [datetime.time(17, 30) 137]
 [datetime.time(17, 45) 137]
 [datetime.time(18, 0) 137]
 [datetime.time(18, 15) 138]
 [datetime.time(18, 30) 138]
 [datetime.time(18, 45) 138]
 [datetime.time(19, 0) 138]
 [datetime.time(19, 15) 138]
 [datetime.time(19, 30) 138]
 [datetime.time(19, 45) 138]
 [datetime.time(20, 0) 138]
 [datetime.time(20, 15) 138]
 [datetime.time(20, 30) 138]
 [datetime.time(20, 45) 138]
 [datetime.time(21, 0) 138]
 [datetime.time(21, 15) 138]
 [datetime.time(21, 30) 138]
 [datetime.time(21, 45) 138]
 [datetime.time(22, 0) 138]
 [datetime.time(22, 15) 138]
 [datetime.time(22, 30) 138]
 [datetime.time(22, 45) 138]
 [datetime.time(23, 0) 139]
 [datetime.time(23, 15) 139]
 [datetime.time(23, 30) 139]
 [datetime.time(23, 45) 140]]
INFO:root:----------
INFO:root:GREEN_RESULT: 
INFO:root:[[datetime.time(0, 0) 21]
 [datetime.time(0, 15) 21]
 [datetime.time(0, 30) 21]
 [datetime.time(0, 45) 21]
 [datetime.time(1, 0) 22]
 [datetime.time(1, 15) 22]
 [datetime.time(1, 30) 22]
 [datetime.time(1, 45) 21]
 [datetime.time(2, 0) 21]
 [datetime.time(2, 15) 21]
 [datetime.time(2, 30) 22]
 [datetime.time(2, 45) 22]
 [datetime.time(3, 0) 22]
 [datetime.time(3, 15) 22]
 [datetime.time(3, 30) 22]
 [datetime.time(3, 45) 23]
 [datetime.time(4, 0) 23]
 [datetime.time(4, 15) 23]
 [datetime.time(4, 30) 23]
 [datetime.time(4, 45) 23]
 [datetime.time(5, 0) 23]
 [datetime.time(5, 15) 23]
 [datetime.time(5, 30) 23]
 [datetime.time(5, 45) 23]
 [datetime.time(6, 0) 23]
 [datetime.time(6, 15) 23]
 [datetime.time(6, 30) 23]
 [datetime.time(6, 45) 23]
 [datetime.time(7, 0) 23]
 [datetime.time(7, 15) 23]
 [datetime.time(7, 30) 23]
 [datetime.time(7, 45) 22]
 [datetime.time(8, 0) 22]
 [datetime.time(8, 15) 21]
 [datetime.time(8, 30) 21]
 [datetime.time(8, 45) 21]
 [datetime.time(9, 0) 21]
 [datetime.time(9, 15) 22]
 [datetime.time(9, 30) 23]
 [datetime.time(9, 45) 22]
 [datetime.time(10, 0) 23]
 [datetime.time(10, 15) 23]
 [datetime.time(10, 30) 23]
 [datetime.time(10, 45) 23]
 [datetime.time(11, 0) 23]
 [datetime.time(11, 15) 23]
 [datetime.time(11, 30) 23]
 [datetime.time(11, 45) 23]
 [datetime.time(12, 0) 23]
 [datetime.time(12, 15) 23]
 [datetime.time(12, 30) 23]
 [datetime.time(12, 45) 23]
 [datetime.time(13, 0) 23]
 [datetime.time(13, 15) 23]
 [datetime.time(13, 30) 23]
 [datetime.time(13, 45) 22]
 [datetime.time(14, 0) 22]
 [datetime.time(14, 15) 22]
 [datetime.time(14, 30) 22]
 [datetime.time(14, 45) 22]
 [datetime.time(15, 0) 22]
 [datetime.time(15, 15) 21]
 [datetime.time(15, 30) 21]
 [datetime.time(15, 45) 21]
 [datetime.time(16, 0) 21]
 [datetime.time(16, 15) 21]
 [datetime.time(16, 30) 21]
 [datetime.time(16, 45) 22]
 [datetime.time(17, 0) 22]
 [datetime.time(17, 15) 22]
 [datetime.time(17, 30) 22]
 [datetime.time(17, 45) 22]
 [datetime.time(18, 0) 22]
 [datetime.time(18, 15) 21]
 [datetime.time(18, 30) 21]
 [datetime.time(18, 45) 21]
 [datetime.time(19, 0) 21]
 [datetime.time(19, 15) 21]
 [datetime.time(19, 30) 21]
 [datetime.time(19, 45) 21]
 [datetime.time(20, 0) 21]
 [datetime.time(20, 15) 21]
 [datetime.time(20, 30) 21]
 [datetime.time(20, 45) 21]
 [datetime.time(21, 0) 21]
 [datetime.time(21, 15) 21]
 [datetime.time(21, 30) 21]
 [datetime.time(21, 45) 21]
 [datetime.time(22, 0) 21]
 [datetime.time(22, 15) 21]
 [datetime.time(22, 30) 21]
 [datetime.time(22, 45) 21]
 [datetime.time(23, 0) 21]
 [datetime.time(23, 15) 21]
 [datetime.time(23, 30) 21]
 [datetime.time(23, 45) 20]]
INFO:root:TOTAL GYR: [178, 178, 178, 178, 178, 178, 178, 178, 178, 178, 179, 179, 179, 179, 179, 179, 179, 179, 179, 179, 179, 179, 179, 179, 179, 179, 179, 179, 179, 179, 179, 178, 178, 178, 178, 178, 178, 178, 178, 177, 177, 177, 177, 177, 177, 177, 176, 176, 176, 176, 176, 176, 176, 176, 176, 177, 177, 177, 177, 177, 177, 177, 177, 177, 177, 177, 177, 177, 177, 177, 177, 177, 177, 177, 177, 177, 177, 177, 177, 177, 177, 177, 177, 177, 177, 177, 177, 177, 177, 177, 177, 177, 177, 177, 177, 177] 
INFO:root:
 --------- Function _process_Zone_prio 

INFO:root:8 40 72
INFO:root:
 --------- Function Visualization 

INFO:root:x_coord: [] 
INFO:root:y_coord: [] 
INFO:root:
 --------- Function _task_lspm 

INFO:root:self.x_final_list: [datetime.time(2, 0), datetime.time(2, 15), datetime.time(2, 30), datetime.time(2, 45), datetime.time(3, 0), datetime.time(3, 15), datetime.time(3, 30), datetime.time(3, 45), datetime.time(4, 0), datetime.time(4, 15), datetime.time(4, 30), datetime.time(4, 45), datetime.time(5, 0), datetime.time(5, 15), datetime.time(5, 30), datetime.time(5, 45), datetime.time(6, 0), datetime.time(6, 15), datetime.time(6, 30), datetime.time(6, 45), datetime.time(7, 0), datetime.time(7, 15), datetime.time(7, 30), datetime.time(7, 45), datetime.time(8, 0), datetime.time(8, 15), datetime.time(8, 30), datetime.time(8, 45), datetime.time(9, 0), datetime.time(9, 15), datetime.time(9, 30), datetime.time(9, 45), datetime.time(10, 0), datetime.time(10, 15), datetime.time(10, 30), datetime.time(10, 45), datetime.time(11, 0), datetime.time(11, 15), datetime.time(11, 30), datetime.time(11, 45), datetime.time(12, 0), datetime.time(12, 15), datetime.time(12, 30), datetime.time(12, 45), datetime.time(13, 0), datetime.time(13, 15), datetime.time(13, 30), datetime.time(13, 45), datetime.time(14, 0), datetime.time(14, 15), datetime.time(14, 30), datetime.time(14, 45), datetime.time(15, 0), datetime.time(15, 15), datetime.time(15, 30), datetime.time(15, 45), datetime.time(16, 0), datetime.time(16, 15), datetime.time(16, 30), datetime.time(16, 45), datetime.time(17, 0), datetime.time(17, 15), datetime.time(17, 30), datetime.time(17, 45)]
INFO:root:self.y_final_list: [0.43428966681206915, 0.43429892681839749, 0.4336656166005029, 0.43372228564651888, 0.43361172471303339, 0.43361292564645915, 0.43363574338154376, 0.43349185654550038, 0.43364640166569496, 0.43357494612687725, 0.43347999732792303, 0.43350026307947842, 0.43346813811034635, 0.43354207057435384, 0.43350168918792109, 0.43354672419137774, 0.4334242289819763, 0.43342768166557433, 0.43344426955851423, 0.43347241643567475, 0.43369976814479072, 0.43357419554348636, 0.4334661865935297, 0.43403402991604445, 0.43399031054190229, 0.43392913377877995, 0.43370006247468168, 0.43370013837637317, 0.43367326917768173, 0.4336479939145062, 0.43361619110588534, 0.43421367849858128, 0.4341312389701632, 0.4339877757684743, 0.43382665791917241, 0.43376954897211212, 0.43379902455769165, 0.43377384749500897, 0.43420170491420462, 0.43439197997228857, 0.43435890890956175, 0.43435448390821113, 0.43425884177375179, 0.43419976412413847, 0.43433142732222524, 0.43445377472799435, 0.43451657869453475, 0.43389666243492425, 0.43404442415951028, 0.43413031785811362, 0.43415142667591139, 0.43419118801270895, 0.43413599804908432, 0.43423593870644056, 0.43428176403089663, 0.43426249743719747, 0.43413998953463179, 0.43421314118321891, 0.43426618188539479, 0.43431093257912645, 0.43422941416275779, 0.43414137120270557, 0.43422465508383606, 0.43423048879348208]
INFO:root:64 64
INFO:root:
 --------- Method 1: 

INFO:root:Length time x-coord 64
INFO:root:Length waterlevel y-coord 64
INFO:root:Time data x-coord [datetime.time(2, 0), datetime.time(2, 15), datetime.time(2, 30), datetime.time(2, 45), datetime.time(3, 0), datetime.time(3, 15), datetime.time(3, 30), datetime.time(3, 45), datetime.time(4, 0), datetime.time(4, 15), datetime.time(4, 30), datetime.time(4, 45), datetime.time(5, 0), datetime.time(5, 15), datetime.time(5, 30), datetime.time(5, 45), datetime.time(6, 0), datetime.time(6, 15), datetime.time(6, 30), datetime.time(6, 45), datetime.time(7, 0), datetime.time(7, 15), datetime.time(7, 30), datetime.time(7, 45), datetime.time(8, 0), datetime.time(8, 15), datetime.time(8, 30), datetime.time(8, 45), datetime.time(9, 0), datetime.time(9, 15), datetime.time(9, 30), datetime.time(9, 45), datetime.time(10, 0), datetime.time(10, 15), datetime.time(10, 30), datetime.time(10, 45), datetime.time(11, 0), datetime.time(11, 15), datetime.time(11, 30), datetime.time(11, 45), datetime.time(12, 0), datetime.time(12, 15), datetime.time(12, 30), datetime.time(12, 45), datetime.time(13, 0), datetime.time(13, 15), datetime.time(13, 30), datetime.time(13, 45), datetime.time(14, 0), datetime.time(14, 15), datetime.time(14, 30), datetime.time(14, 45), datetime.time(15, 0), datetime.time(15, 15), datetime.time(15, 30), datetime.time(15, 45), datetime.time(16, 0), datetime.time(16, 15), datetime.time(16, 30), datetime.time(16, 45), datetime.time(17, 0), datetime.time(17, 15), datetime.time(17, 30), datetime.time(17, 45)]
INFO:root:Waterlevel data y-coord {[0.43428966681206915, 0.43429892681839749, 0.4336656166005029, 0.43372228564651888, 0.43361172471303339, 0.43361292564645915, 0.43363574338154376, 0.43349185654550038, 0.43364640166569496, 0.43357494612687725, 0.43347999732792303, 0.43350026307947842, 0.43346813811034635, 0.43354207057435384, 0.43350168918792109, 0.43354672419137774, 0.4334242289819763, 0.43342768166557433, 0.43344426955851423, 0.43347241643567475, 0.43369976814479072, 0.43357419554348636, 0.4334661865935297, 0.43403402991604445, 0.43399031054190229, 0.43392913377877995, 0.43370006247468168, 0.43370013837637317, 0.43367326917768173, 0.4336479939145062, 0.43361619110588534, 0.43421367849858128, 0.4341312389701632, 0.4339877757684743, 0.43382665791917241, 0.43376954897211212, 0.43379902455769165, 0.43377384749500897, 0.43420170491420462, 0.43439197997228857, 0.43435890890956175, 0.43435448390821113, 0.43425884177375179, 0.43419976412413847, 0.43433142732222524, 0.43445377472799435, 0.43451657869453475, 0.43389666243492425, 0.43404442415951028, 0.43413031785811362, 0.43415142667591139, 0.43419118801270895, 0.43413599804908432, 0.43423593870644056, 0.43428176403089663, 0.43426249743719747, 0.43413998953463179, 0.43421314118321891, 0.43426618188539479, 0.43431093257912645, 0.43422941416275779, 0.43414137120270557, 0.43422465508383606, 0.43423048879348208]}
INFO:root:Coefficients = {[  5.03856916e-05   4.33432569e-01]}

INFO:root:
 --------- Method 2: 

INFO:root:Length time x-coord {0}
INFO:root:Length waterlevel y-coord {0}
INFO:root:Time data x-coord {[]}
INFO:root:Waterlevel data y-coord {[]}
INFO:root:Coefficients = {[  5.03856916e-05   4.33432569e-01]}

INFO:root:The predicting water level is {0.434312} 
INFO:root:Result in cm is {480} 
INFO:root:(Artificial) Result: {0.519118}
INFO:root:(Artificial) Result in cm: {550}
INFO:root:2017-08-24 113059
INFO:root:
 --------- Function normalizedata 

INFO:root:All Data before normalizing: [140 140 140 ..., 402 402 402]
INFO:root:
 --------- Function init_data 

INFO:root:Data imported from Excel file [[Timestamp('1993-12-01 00:00:00') datetime.time(0, 0) 140
  0.022974607013301087]
 [Timestamp('1993-12-01 00:00:00') datetime.time(0, 15) 140
  0.022974607013301087]
 [Timestamp('1993-12-01 00:00:00') datetime.time(0, 30) 140
  0.022974607013301087]
 ..., 
 [Timestamp('2016-06-30 00:00:00') datetime.time(7, 0) 402
  0.33978234582829503]
 [Timestamp('2016-06-30 00:00:00') datetime.time(7, 15) 402
  0.33978234582829503]
 [Timestamp('2016-06-30 00:00:00') datetime.time(7, 30) 402
  0.33978234582829503]]
INFO:root:Highest water level 948
INFO:root:Lowest water level 121
INFO:root:
 --------- Function classifyData 

INFO:root:RED_ARRAY []
INFO:root:YELLOW_ARRAY []
INFO:root:GREEN_ARRAY []
INFO:root:-> Waterlevel data in red {1.0}
INFO:root:-> Waterlevel data in yellow {0.3996245076380941}
INFO:root:-> Waterlevel data in green {0.0}
INFO:root:type of red_array: <class 'list'>
INFO:root:red array 0
INFO:root:yellow array 0
INFO:root:green array 0
INFO:root:non distributed 0
INFO:root:17043
INFO:root:<class 'list'>
INFO:root:
 --------- Function rateofchange (Method 2)
INFO:root:<pandas.core.groupby.DataFrameGroupBy object at 0x7fa749f37ef0>
INFO:root:<class 'pandas.core.groupby.DataFrameGroupBy'>
INFO:root:181
INFO:root:Rate of change: 
INFO:root:<pandas.core.groupby.DataFrameGroupBy object at 0x7fa749f37ef0>
INFO:root:Length of list of rate_of_change: [array([Timestamp('1993-12-20 00:00:00'),
                 Datum      Zeit  W [cm]  W normed
1824 1993-12-20  00:00:00     493  0.449819
1825 1993-12-20  00:15:00     493  0.449819
1826 1993-12-20  00:30:00     494  0.451028
1827 1993-12-20  00:45:00     495  0.452237
1828 1993-12-20  01:00:00     496  0.453446
1829 1993-12-20  01:15:00     497  0.454655
1830 1993-12-20  01:30:00     497  0.454655
1831 1993-12-20  01:45:00     498  0.455865
1832 1993-12-20  02:00:00     498  0.455865
1833 1993-12-20  02:15:00     499  0.457074
1834 1993-12-20  02:30:00     499  0.457074
1835 1993-12-20  02:45:00     500  0.458283
1836 1993-12-20  03:00:00     501  0.459492
1837 1993-12-20  03:15:00     501  0.459492
1838 1993-12-20  03:30:00     501  0.459492
1839 1993-12-20  03:45:00     502  0.460701
1840 1993-12-20  04:00:00     502  0.460701
1841 1993-12-20  04:15:00     503  0.461911
1842 1993-12-20  04:30:00     503  0.461911
1843 1993-12-20  04:45:00     504   0.46312
1844 1993-12-20  05:00:00     505  0.464329
1845 1993-12-20  05:15:00     506  0.465538
1846 1993-12-20  05:30:00     507  0.466747
1847 1993-12-20  05:45:00     507  0.466747
1848 1993-12-20  06:00:00     507  0.466747
1849 1993-12-20  06:15:00     507  0.466747
1850 1993-12-20  06:30:00     508  0.467956
1851 1993-12-20  06:45:00     509  0.469166
1852 1993-12-20  07:00:00     510  0.470375
1853 1993-12-20  07:15:00     510  0.470375
...         ...       ...     ...       ...
1890 1993-12-20  16:30:00     532  0.496977
1891 1993-12-20  16:45:00     533  0.498186
1892 1993-12-20  17:00:00     533  0.498186
1893 1993-12-20  17:15:00     534  0.499395
1894 1993-12-20  17:30:00     535  0.500605
1895 1993-12-20  17:45:00     536  0.501814
1896 1993-12-20  18:00:00     537  0.503023
1897 1993-12-20  18:15:00     538  0.504232
1898 1993-12-20  18:30:00     539  0.505441
1899 1993-12-20  18:45:00     541   0.50786
1900 1993-12-20  19:00:00     543  0.510278
1901 1993-12-20  19:15:00     543  0.510278
1902 1993-12-20  19:30:00     545  0.512696
1903 1993-12-20  19:45:00     546  0.513906
1904 1993-12-20  20:00:00     548  0.516324
1905 1993-12-20  20:15:00     549  0.517533
1906 1993-12-20  20:30:00     550  0.518742
1907 1993-12-20  20:45:00     551  0.519952
1908 1993-12-20  21:00:00     553   0.52237
1909 1993-12-20  21:15:00     554  0.523579
1910 1993-12-20  21:30:00     556  0.525998
1911 1993-12-20  21:45:00     558  0.528416
1912 1993-12-20  22:00:00     560  0.530834
1913 1993-12-20  22:15:00     561  0.532044
1914 1993-12-20  22:30:00     563  0.534462
1915 1993-12-20  22:45:00     564  0.535671
1916 1993-12-20  23:00:00     566  0.538089
1917 1993-12-20  23:15:00     568  0.540508
1918 1993-12-20  23:30:00     570  0.542926
1919 1993-12-20  23:45:00     572  0.545345

[96 rows x 4 columns]], dtype=object), array([Timestamp('1993-12-28 00:00:00'),
                 Datum      Zeit  W [cm]  W normed
2592 1993-12-28  00:00:00     614  0.596131
2593 1993-12-28  00:15:00     613  0.594921
2594 1993-12-28  00:30:00     611  0.592503
2595 1993-12-28  00:45:00     610  0.591294
2596 1993-12-28  01:00:00     608  0.588875
2597 1993-12-28  01:15:00     607  0.587666
2598 1993-12-28  01:30:00     605  0.585248
2599 1993-12-28  01:45:00     604  0.584039
2600 1993-12-28  02:00:00     602   0.58162
2601 1993-12-28  02:15:00     601  0.580411
2602 1993-12-28  02:30:00     600  0.579202
2603 1993-12-28  02:45:00     598  0.576784
2604 1993-12-28  03:00:00     597  0.575574
2605 1993-12-28  03:15:00     595  0.573156
2606 1993-12-28  03:30:00     594  0.571947
2607 1993-12-28  03:45:00     593  0.570738
2608 1993-12-28  04:00:00     592  0.569528
2609 1993-12-28  04:15:00     590   0.56711
2610 1993-12-28  04:30:00     589  0.565901
2611 1993-12-28  04:45:00     588  0.564692
2612 1993-12-28  05:00:00     587  0.563482
2613 1993-12-28  05:15:00     586  0.562273
2614 1993-12-28  05:30:00     585  0.561064
2615 1993-12-28  05:45:00     584  0.559855
2616 1993-12-28  06:00:00     583  0.558646
2617 1993-12-28  06:15:00     582  0.557437
2618 1993-12-28  06:30:00     581  0.556227
2619 1993-12-28  06:45:00     581  0.556227
2620 1993-12-28  07:00:00     580  0.555018
2621 1993-12-28  07:15:00     579  0.553809
...         ...       ...     ...       ...
2658 1993-12-28  16:30:00     546  0.513906
2659 1993-12-28  16:45:00     544  0.511487
2660 1993-12-28  17:00:00     543  0.510278
2661 1993-12-28  17:15:00     542  0.509069
2662 1993-12-28  17:30:00     540  0.506651
2663 1993-12-28  17:45:00     539  0.505441
2664 1993-12-28  18:00:00     538  0.504232
2665 1993-12-28  18:15:00     537  0.503023
2666 1993-12-28  18:30:00     536  0.501814
2667 1993-12-28  18:45:00     536  0.501814
2668 1993-12-28  19:00:00     535  0.500605
2669 1993-12-28  19:15:00     534  0.499395
2670 1993-12-28  19:30:00     533  0.498186
2671 1993-12-28  19:45:00     533  0.498186
2672 1993-12-28  20:00:00     532  0.496977
2673 1993-12-28  20:15:00     531  0.495768
2674 1993-12-28  20:30:00     531  0.495768
2675 1993-12-28  20:45:00     530  0.494559
2676 1993-12-28  21:00:00     530  0.494559
2677 1993-12-28  21:15:00     530  0.494559
2678 1993-12-28  21:30:00     529  0.493349
2679 1993-12-28  21:45:00     529  0.493349
2680 1993-12-28  22:00:00     528   0.49214
2681 1993-12-28  22:15:00     527  0.490931
2682 1993-12-28  22:30:00     527  0.490931
2683 1993-12-28  22:45:00     526  0.489722
2684 1993-12-28  23:00:00     525  0.488513
2685 1993-12-28  23:15:00     524  0.487304
2686 1993-12-28  23:30:00     523  0.486094
2687 1993-12-28  23:45:00     522  0.484885

[96 rows x 4 columns]], dtype=object), array([Timestamp('1994-01-01 00:00:00'),
                 Datum      Zeit  W [cm]  W normed
2976 1994-01-01  00:00:00     490  0.446191
2977 1994-01-01  00:15:00     494  0.451028
2978 1994-01-01  00:30:00     494  0.451028
2979 1994-01-01  00:45:00     494  0.451028
2980 1994-01-01  01:00:00     495  0.452237
2981 1994-01-01  01:15:00     496  0.453446
2982 1994-01-01  01:30:00     496  0.453446
2983 1994-01-01  01:45:00     497  0.454655
2984 1994-01-01  02:00:00     498  0.455865
2985 1994-01-01  02:15:00     500  0.458283
2986 1994-01-01  02:30:00     502  0.460701
2987 1994-01-01  02:45:00     503  0.461911
2988 1994-01-01  03:00:00     504   0.46312
2989 1994-01-01  03:15:00     504   0.46312
2990 1994-01-01  03:30:00     504   0.46312
2991 1994-01-01  03:45:00     505  0.464329
2992 1994-01-01  04:00:00     506  0.465538
2993 1994-01-01  04:15:00     507  0.466747
2994 1994-01-01  04:30:00     508  0.467956
2995 1994-01-01  04:45:00     509  0.469166
2996 1994-01-01  05:00:00     510  0.470375
2997 1994-01-01  05:15:00     511  0.471584
2998 1994-01-01  05:30:00     512  0.472793
2999 1994-01-01  05:45:00     512  0.472793
3000 1994-01-01  06:00:00     514  0.475212
3001 1994-01-01  06:15:00     515  0.476421
3002 1994-01-01  06:30:00     517  0.478839
3003 1994-01-01  06:45:00     518  0.480048
3004 1994-01-01  07:00:00     519  0.481258
3005 1994-01-01  07:15:00     520  0.482467
...         ...       ...     ...       ...
3042 1994-01-01  16:30:00     552  0.521161
3043 1994-01-01  16:45:00     552  0.521161
3044 1994-01-01  17:00:00     553   0.52237
3045 1994-01-01  17:15:00     553   0.52237
3046 1994-01-01  17:30:00     554  0.523579
3047 1994-01-01  17:45:00     554  0.523579
3048 1994-01-01  18:00:00     555  0.524788
3049 1994-01-01  18:15:00     556  0.525998
3050 1994-01-01  18:30:00     557  0.527207
3051 1994-01-01  18:45:00     558  0.528416
3052 1994-01-01  19:00:00     559  0.529625
3053 1994-01-01  19:15:00     560  0.530834
3054 1994-01-01  19:30:00     561  0.532044
3055 1994-01-01  19:45:00     562  0.533253
3056 1994-01-01  20:00:00     562  0.533253
3057 1994-01-01  20:15:00     563  0.534462
3058 1994-01-01  20:30:00     564  0.535671
3059 1994-01-01  20:45:00     565   0.53688
3060 1994-01-01  21:00:00     565   0.53688
3061 1994-01-01  21:15:00     566  0.538089
3062 1994-01-01  21:30:00     566  0.538089
3063 1994-01-01  21:45:00     567  0.539299
3064 1994-01-01  22:00:00     567  0.539299
3065 1994-01-01  22:15:00     568  0.540508
3066 1994-01-01  22:30:00     568  0.540508
3067 1994-01-01  22:45:00     569  0.541717
3068 1994-01-01  23:00:00     569  0.541717
3069 1994-01-01  23:15:00     569  0.541717
3070 1994-01-01  23:30:00     570  0.542926
3071 1994-01-01  23:45:00     570  0.542926

[96 rows x 4 columns]], dtype=object), array([Timestamp('1994-01-11 00:00:00'),
                 Datum      Zeit  W [cm]  W normed
3936 1994-01-11  00:00:00     576  0.550181
3937 1994-01-11  00:15:00     569  0.541717
3938 1994-01-11  00:30:00     569  0.541717
3939 1994-01-11  00:45:00     567  0.539299
3940 1994-01-11  01:00:00     565   0.53688
3941 1994-01-11  01:15:00     565   0.53688
3942 1994-01-11  01:30:00     564  0.535671
3943 1994-01-11  01:45:00     562  0.533253
3944 1994-01-11  02:00:00     562  0.533253
3945 1994-01-11  02:15:00     562  0.533253
3946 1994-01-11  02:30:00     561  0.532044
3947 1994-01-11  02:45:00     559  0.529625
3948 1994-01-11  03:00:00     557  0.527207
3949 1994-01-11  03:15:00     557  0.527207
3950 1994-01-11  03:30:00     555  0.524788
3951 1994-01-11  03:45:00     555  0.524788
3952 1994-01-11  04:00:00     553   0.52237
3953 1994-01-11  04:15:00     553   0.52237
3954 1994-01-11  04:30:00     553   0.52237
3955 1994-01-11  04:45:00     550  0.518742
3956 1994-01-11  05:00:00     547  0.515115
3957 1994-01-11  05:15:00     545  0.512696
3958 1994-01-11  05:30:00     543  0.510278
3959 1994-01-11  05:45:00     541   0.50786
3960 1994-01-11  06:00:00     539  0.505441
3961 1994-01-11  06:15:00     539  0.505441
3962 1994-01-11  06:30:00     538  0.504232
3963 1994-01-11  06:45:00     538  0.504232
3964 1994-01-11  07:00:00     536  0.501814
3965 1994-01-11  07:15:00     534  0.499395
...         ...       ...     ...       ...
4002 1994-01-11  16:30:00     498  0.455865
4003 1994-01-11  16:45:00     498  0.455865
4004 1994-01-11  17:00:00     498  0.455865
4005 1994-01-11  17:15:00     498  0.455865
4006 1994-01-11  17:30:00     497  0.454655
4007 1994-01-11  17:45:00     497  0.454655
4008 1994-01-11  18:00:00     497  0.454655
4009 1994-01-11  18:15:00     496  0.453446
4010 1994-01-11  18:30:00     496  0.453446
4011 1994-01-11  18:45:00     496  0.453446
4012 1994-01-11  19:00:00     496  0.453446
4013 1994-01-11  19:15:00     495  0.452237
4014 1994-01-11  19:30:00     495  0.452237
4015 1994-01-11  19:45:00     495  0.452237
4016 1994-01-11  20:00:00     495  0.452237
4017 1994-01-11  20:15:00     495  0.452237
4018 1994-01-11  20:30:00     494  0.451028
4019 1994-01-11  20:45:00     494  0.451028
4020 1994-01-11  21:00:00     492  0.448609
4021 1994-01-11  21:15:00     492  0.448609
4022 1994-01-11  21:30:00     492  0.448609
4023 1994-01-11  21:45:00     492  0.448609
4024 1994-01-11  22:00:00     492  0.448609
4025 1994-01-11  22:15:00     490  0.446191
4026 1994-01-11  22:30:00     490  0.446191
4027 1994-01-11  22:45:00     489  0.444982
4028 1994-01-11  23:00:00     489  0.444982
4029 1994-01-11  23:15:00     488  0.443773
4030 1994-01-11  23:30:00     488  0.443773
4031 1994-01-11  23:45:00     488  0.443773

[96 rows x 4 columns]], dtype=object), array([Timestamp('1994-01-28 00:00:00'),
                 Datum      Zeit  W [cm]  W normed
5568 1994-01-28  00:00:00     496  0.453446
5569 1994-01-28  00:15:00     497  0.454655
5570 1994-01-28  00:30:00     498  0.455865
5571 1994-01-28  00:45:00     499  0.457074
5572 1994-01-28  01:00:00     500  0.458283
5573 1994-01-28  01:15:00     501  0.459492
5574 1994-01-28  01:30:00     502  0.460701
5575 1994-01-28  01:45:00     502  0.460701
5576 1994-01-28  02:00:00     503  0.461911
5577 1994-01-28  02:15:00     503  0.461911
5578 1994-01-28  02:30:00     504   0.46312
5579 1994-01-28  02:45:00     504   0.46312
5580 1994-01-28  03:00:00     505  0.464329
5581 1994-01-28  03:15:00     506  0.465538
5582 1994-01-28  03:30:00     506  0.465538
5583 1994-01-28  03:45:00     507  0.466747
5584 1994-01-28  04:00:00     508  0.467956
5585 1994-01-28  04:15:00     508  0.467956
5586 1994-01-28  04:30:00     509  0.469166
5587 1994-01-28  04:45:00     509  0.469166
5588 1994-01-28  05:00:00     510  0.470375
5589 1994-01-28  05:15:00     511  0.471584
5590 1994-01-28  05:30:00     511  0.471584
5591 1994-01-28  05:45:00     512  0.472793
5592 1994-01-28  06:00:00     513  0.474002
5593 1994-01-28  06:15:00     513  0.474002
5594 1994-01-28  06:30:00     514  0.475212
5595 1994-01-28  06:45:00     514  0.475212
5596 1994-01-28  07:00:00     515  0.476421
5597 1994-01-28  07:15:00     516   0.47763
...         ...       ...     ...       ...
5634 1994-01-28  16:30:00     540  0.506651
5635 1994-01-28  16:45:00     541   0.50786
5636 1994-01-28  17:00:00     541   0.50786
5637 1994-01-28  17:15:00     541   0.50786
5638 1994-01-28  17:30:00     542  0.509069
5639 1994-01-28  17:45:00     542  0.509069
5640 1994-01-28  18:00:00     542  0.509069
5641 1994-01-28  18:15:00     543  0.510278
5642 1994-01-28  18:30:00     544  0.511487
5643 1994-01-28  18:45:00     545  0.512696
5644 1994-01-28  19:00:00     545  0.512696
5645 1994-01-28  19:15:00     546  0.513906
5646 1994-01-28  19:30:00     548  0.516324
5647 1994-01-28  19:45:00     549  0.517533
5648 1994-01-28  20:00:00     550  0.518742
5649 1994-01-28  20:15:00     551  0.519952
5650 1994-01-28  20:30:00     551  0.519952
5651 1994-01-28  20:45:00     552  0.521161
5652 1994-01-28  21:00:00     554  0.523579
5653 1994-01-28  21:15:00     555  0.524788
5654 1994-01-28  21:30:00     556  0.525998
5655 1994-01-28  21:45:00     556  0.525998
5656 1994-01-28  22:00:00     557  0.527207
5657 1994-01-28  22:15:00     558  0.528416
5658 1994-01-28  22:30:00     559  0.529625
5659 1994-01-28  22:45:00     559  0.529625
5660 1994-01-28  23:00:00     560  0.530834
5661 1994-01-28  23:15:00     560  0.530834
5662 1994-01-28  23:30:00     561  0.532044
5663 1994-01-28  23:45:00     562  0.533253

[96 rows x 4 columns]], dtype=object), array([Timestamp('1994-01-29 00:00:00'),
                 Datum      Zeit  W [cm]  W normed
5664 1994-01-29  00:00:00     562  0.533253
5665 1994-01-29  00:15:00     561  0.532044
5666 1994-01-29  00:30:00     562  0.533253
5667 1994-01-29  00:45:00     562  0.533253
5668 1994-01-29  01:00:00     563  0.534462
5669 1994-01-29  01:15:00     563  0.534462
5670 1994-01-29  01:30:00     564  0.535671
5671 1994-01-29  01:45:00     564  0.535671
5672 1994-01-29  02:00:00     564  0.535671
5673 1994-01-29  02:15:00     565   0.53688
5674 1994-01-29  02:30:00     565   0.53688
5675 1994-01-29  02:45:00     566  0.538089
5676 1994-01-29  03:00:00     566  0.538089
5677 1994-01-29  03:15:00     567  0.539299
5678 1994-01-29  03:30:00     567  0.539299
5679 1994-01-29  03:45:00     568  0.540508
5680 1994-01-29  04:00:00     568  0.540508
5681 1994-01-29  04:15:00     568  0.540508
5682 1994-01-29  04:30:00     569  0.541717
5683 1994-01-29  04:45:00     569  0.541717
5684 1994-01-29  05:00:00     569  0.541717
5685 1994-01-29  05:15:00     569  0.541717
5686 1994-01-29  05:30:00     569  0.541717
5687 1994-01-29  05:45:00     569  0.541717
5688 1994-01-29  06:00:00     570  0.542926
5689 1994-01-29  06:15:00     570  0.542926
5690 1994-01-29  06:30:00     570  0.542926
5691 1994-01-29  06:45:00     570  0.542926
5692 1994-01-29  07:00:00     570  0.542926
5693 1994-01-29  07:15:00     570  0.542926
...         ...       ...     ...       ...
5730 1994-01-29  16:30:00     559  0.529625
5731 1994-01-29  16:45:00     559  0.529625
5732 1994-01-29  17:00:00     559  0.529625
5733 1994-01-29  17:15:00     558  0.528416
5734 1994-01-29  17:30:00     558  0.528416
5735 1994-01-29  17:45:00     558  0.528416
5736 1994-01-29  18:00:00     557  0.527207
5737 1994-01-29  18:15:00     557  0.527207
5738 1994-01-29  18:30:00     557  0.527207
5739 1994-01-29  18:45:00     557  0.527207
5740 1994-01-29  19:00:00     557  0.527207
5741 1994-01-29  19:15:00     557  0.527207
5742 1994-01-29  19:30:00     556  0.525998
5743 1994-01-29  19:45:00     556  0.525998
5744 1994-01-29  20:00:00     556  0.525998
5745 1994-01-29  20:15:00     556  0.525998
5746 1994-01-29  20:30:00     556  0.525998
5747 1994-01-29  20:45:00     556  0.525998
5748 1994-01-29  21:00:00     556  0.525998
5749 1994-01-29  21:15:00     556  0.525998
5750 1994-01-29  21:30:00     556  0.525998
5751 1994-01-29  21:45:00     555  0.524788
5752 1994-01-29  22:00:00     555  0.524788
5753 1994-01-29  22:15:00     555  0.524788
5754 1994-01-29  22:30:00     555  0.524788
5755 1994-01-29  22:45:00     555  0.524788
5756 1994-01-29  23:00:00     554  0.523579
5757 1994-01-29  23:15:00     554  0.523579
5758 1994-01-29  23:30:00     552  0.521161
5759 1994-01-29  23:45:00     552  0.521161

[96 rows x 4 columns]], dtype=object), array([Timestamp('1994-01-30 00:00:00'),
                 Datum      Zeit  W [cm]  W normed
5760 1994-01-30  00:00:00     552  0.521161
5761 1994-01-30  00:15:00     548  0.516324
5762 1994-01-30  00:30:00     548  0.516324
5763 1994-01-30  00:45:00     548  0.516324
5764 1994-01-30  01:00:00     548  0.516324
5765 1994-01-30  01:15:00     548  0.516324
5766 1994-01-30  01:30:00     548  0.516324
5767 1994-01-30  01:45:00     548  0.516324
5768 1994-01-30  02:00:00     548  0.516324
5769 1994-01-30  02:15:00     548  0.516324
5770 1994-01-30  02:30:00     548  0.516324
5771 1994-01-30  02:45:00     548  0.516324
5772 1994-01-30  03:00:00     548  0.516324
5773 1994-01-30  03:15:00     548  0.516324
5774 1994-01-30  03:30:00     548  0.516324
5775 1994-01-30  03:45:00     548  0.516324
5776 1994-01-30  04:00:00     548  0.516324
5777 1994-01-30  04:15:00     548  0.516324
5778 1994-01-30  04:30:00     548  0.516324
5779 1994-01-30  04:45:00     548  0.516324
5780 1994-01-30  05:00:00     548  0.516324
5781 1994-01-30  05:15:00     548  0.516324
5782 1994-01-30  05:30:00     548  0.516324
5783 1994-01-30  05:45:00     548  0.516324
5784 1994-01-30  06:00:00     548  0.516324
5785 1994-01-30  06:15:00     548  0.516324
5786 1994-01-30  06:30:00     548  0.516324
5787 1994-01-30  06:45:00     548  0.516324
5788 1994-01-30  07:00:00     548  0.516324
5789 1994-01-30  07:15:00     548  0.516324
...         ...       ...     ...       ...
5826 1994-01-30  16:30:00     537  0.503023
5827 1994-01-30  16:45:00     535  0.500605
5828 1994-01-30  17:00:00     535  0.500605
5829 1994-01-30  17:15:00     533  0.498186
5830 1994-01-30  17:30:00     533  0.498186
5831 1994-01-30  17:45:00     532  0.496977
5832 1994-01-30  18:00:00     532  0.496977
5833 1994-01-30  18:15:00     532  0.496977
5834 1994-01-30  18:30:00     531  0.495768
5835 1994-01-30  18:45:00     531  0.495768
5836 1994-01-30  19:00:00     531  0.495768
5837 1994-01-30  19:15:00     531  0.495768
5838 1994-01-30  19:30:00     529  0.493349
5839 1994-01-30  19:45:00     529  0.493349
5840 1994-01-30  20:00:00     527  0.490931
5841 1994-01-30  20:15:00     527  0.490931
5842 1994-01-30  20:30:00     526  0.489722
5843 1994-01-30  20:45:00     526  0.489722
5844 1994-01-30  21:00:00     526  0.489722
5845 1994-01-30  21:15:00     526  0.489722
5846 1994-01-30  21:30:00     526  0.489722
5847 1994-01-30  21:45:00     525  0.488513
5848 1994-01-30  22:00:00     525  0.488513
5849 1994-01-30  22:15:00     523  0.486094
5850 1994-01-30  22:30:00     523  0.486094
5851 1994-01-30  22:45:00     522  0.484885
5852 1994-01-30  23:00:00     522  0.484885
5853 1994-01-30  23:15:00     520  0.482467
5854 1994-01-30  23:30:00     520  0.482467
5855 1994-01-30  23:45:00     518  0.480048

[96 rows x 4 columns]], dtype=object), array([Timestamp('1995-02-05 00:00:00'),
                 Datum      Zeit  W [cm]  W normed
1436 1995-02-05  00:00:00     542  0.509069
1437 1995-02-05  00:15:00     540  0.506651
1438 1995-02-05  00:30:00     538  0.504232
1439 1995-02-05  00:45:00     537  0.503023
1440 1995-02-05  01:00:00     536  0.501814
1441 1995-02-05  01:15:00     535  0.500605
1442 1995-02-05  01:30:00     534  0.499395
1443 1995-02-05  01:45:00     533  0.498186
1444 1995-02-05  02:00:00     533  0.498186
1445 1995-02-05  02:15:00     532  0.496977
1446 1995-02-05  02:30:00     532  0.496977
1447 1995-02-05  02:45:00     532  0.496977
1448 1995-02-05  03:00:00     531  0.495768
1449 1995-02-05  03:15:00     530  0.494559
1450 1995-02-05  03:30:00     529  0.493349
1451 1995-02-05  03:45:00     528   0.49214
1452 1995-02-05  04:00:00     526  0.489722
1453 1995-02-05  04:15:00     526  0.489722
1454 1995-02-05  04:30:00     525  0.488513
1455 1995-02-05  04:45:00     525  0.488513
1456 1995-02-05  05:00:00     524  0.487304
1457 1995-02-05  05:15:00     523  0.486094
1458 1995-02-05  05:30:00     523  0.486094
1459 1995-02-05  05:45:00     522  0.484885
1460 1995-02-05  06:00:00     521  0.483676
1461 1995-02-05  06:15:00     521  0.483676
1462 1995-02-05  06:30:00     520  0.482467
1463 1995-02-05  06:45:00     520  0.482467
1464 1995-02-05  07:00:00     519  0.481258
1465 1995-02-05  07:15:00     519  0.481258
...         ...       ...     ...       ...
1502 1995-02-05  16:30:00     494  0.451028
1503 1995-02-05  16:45:00     495  0.452237
1504 1995-02-05  17:00:00     494  0.451028
1505 1995-02-05  17:15:00     493  0.449819
1506 1995-02-05  17:30:00     492  0.448609
1507 1995-02-05  17:45:00     491    0.4474
1508 1995-02-05  18:00:00     490  0.446191
1509 1995-02-05  18:15:00     490  0.446191
1510 1995-02-05  18:30:00     490  0.446191
1511 1995-02-05  18:45:00     490  0.446191
1512 1995-02-05  19:00:00     489  0.444982
1513 1995-02-05  19:15:00     489  0.444982
1514 1995-02-05  19:30:00     489  0.444982
1515 1995-02-05  19:45:00     489  0.444982
1516 1995-02-05  20:00:00     489  0.444982
1517 1995-02-05  20:15:00     488  0.443773
1518 1995-02-05  20:30:00     488  0.443773
1519 1995-02-05  20:45:00     487  0.442563
1520 1995-02-05  21:00:00     487  0.442563
1521 1995-02-05  21:15:00     486  0.441354
1522 1995-02-05  21:30:00     485  0.440145
1523 1995-02-05  21:45:00     485  0.440145
1524 1995-02-05  22:00:00     484  0.438936
1525 1995-02-05  22:15:00     483  0.437727
1526 1995-02-05  22:30:00     482  0.436518
1527 1995-02-05  22:45:00     482  0.436518
1528 1995-02-05  23:00:00     481  0.435308
1529 1995-02-05  23:15:00     480  0.434099
1530 1995-02-05  23:30:00     480  0.434099
1531 1995-02-05  23:45:00     480  0.434099

[96 rows x 4 columns]], dtype=object), array([Timestamp('2013-06-02 00:00:00'),
                 Datum      Zeit  W [cm]  W normed
1334 2013-06-02  00:00:00     501  0.459492
1335 2013-06-02  00:15:00     501  0.459492
1336 2013-06-02  00:30:00     502  0.460701
1337 2013-06-02  00:45:00     503  0.461911
1338 2013-06-02  01:00:00     504   0.46312
1339 2013-06-02  01:15:00     505  0.464329
1340 2013-06-02  01:30:00     506  0.465538
1341 2013-06-02  01:45:00     507  0.466747
1342 2013-06-02  02:00:00     509  0.469166
1343 2013-06-02  02:15:00     509  0.469166
1344 2013-06-02  02:30:00     510  0.470375
1345 2013-06-02  02:45:00     511  0.471584
1346 2013-06-02  03:00:00     512  0.472793
1347 2013-06-02  03:15:00     512  0.472793
1348 2013-06-02  03:30:00     513  0.474002
1349 2013-06-02  03:45:00     514  0.475212
1350 2013-06-02  04:00:00     515  0.476421
1351 2013-06-02  04:15:00     516   0.47763
1352 2013-06-02  04:30:00     517  0.478839
1353 2013-06-02  04:45:00     517  0.478839
1354 2013-06-02  05:00:00     518  0.480048
1355 2013-06-02  05:15:00     519  0.481258
1356 2013-06-02  05:30:00     520  0.482467
1357 2013-06-02  05:45:00     521  0.483676
1358 2013-06-02  06:00:00     521  0.483676
1359 2013-06-02  06:15:00     522  0.484885
1360 2013-06-02  06:30:00     523  0.486094
1361 2013-06-02  06:45:00     523  0.486094
1362 2013-06-02  07:00:00     524  0.487304
1363 2013-06-02  07:15:00     525  0.488513
...         ...       ...     ...       ...
1400 2013-06-02  16:30:00     559  0.529625
1401 2013-06-02  16:45:00     560  0.530834
1402 2013-06-02  17:00:00     561  0.532044
1403 2013-06-02  17:15:00     562  0.533253
1404 2013-06-02  17:30:00     564  0.535671
1405 2013-06-02  17:45:00     566  0.538089
1406 2013-06-02  18:00:00     566  0.538089
1407 2013-06-02  18:15:00     567  0.539299
1408 2013-06-02  18:30:00     567  0.539299
1409 2013-06-02  18:45:00     564  0.535671
1410 2013-06-02  19:00:00     565   0.53688
1411 2013-06-02  19:15:00     567  0.539299
1412 2013-06-02  19:30:00     569  0.541717
1413 2013-06-02  19:45:00     571  0.544135
1414 2013-06-02  20:00:00     572  0.545345
1415 2013-06-02  20:15:00     573  0.546554
1416 2013-06-02  20:30:00     574  0.547763
1417 2013-06-02  20:45:00     575  0.548972
1418 2013-06-02  21:00:00     575  0.548972
1419 2013-06-02  21:15:00     572  0.545345
1420 2013-06-02  21:30:00     573  0.546554
1421 2013-06-02  21:45:00     574  0.547763
1422 2013-06-02  22:00:00     575  0.548972
1423 2013-06-02  22:15:00     576  0.550181
1424 2013-06-02  22:30:00     579  0.553809
1425 2013-06-02  22:45:00     581  0.556227
1426 2013-06-02  23:00:00     582  0.557437
1427 2013-06-02  23:15:00     583  0.558646
1428 2013-06-02  23:30:00     584  0.559855
1429 2013-06-02  23:45:00     585  0.561064

[96 rows x 4 columns]], dtype=object), array([Timestamp('2013-06-08 00:00:00'),
                 Datum      Zeit  W [cm]  W normed
1910 2013-06-08  00:00:00     558  0.528416
1911 2013-06-08  00:15:00     558  0.528416
1912 2013-06-08  00:30:00     557  0.527207
1913 2013-06-08  00:45:00     557  0.527207
1914 2013-06-08  01:00:00     557  0.527207
1915 2013-06-08  01:15:00     556  0.525998
1916 2013-06-08  01:30:00     555  0.524788
1917 2013-06-08  01:45:00     555  0.524788
1918 2013-06-08  02:00:00     554  0.523579
1919 2013-06-08  02:15:00     553   0.52237
1920 2013-06-08  02:30:00     552  0.521161
1921 2013-06-08  02:45:00     551  0.519952
1922 2013-06-08  03:00:00     552  0.521161
1923 2013-06-08  03:15:00     551  0.519952
1924 2013-06-08  03:30:00     550  0.518742
1925 2013-06-08  03:45:00     549  0.517533
1926 2013-06-08  04:00:00     549  0.517533
1927 2013-06-08  04:15:00     548  0.516324
1928 2013-06-08  04:30:00     547  0.515115
1929 2013-06-08  04:45:00     546  0.513906
1930 2013-06-08  05:00:00     547  0.515115
1931 2013-06-08  05:15:00     547  0.515115
1932 2013-06-08  05:30:00     546  0.513906
1933 2013-06-08  05:45:00     544  0.511487
1934 2013-06-08  06:00:00     543  0.510278
1935 2013-06-08  06:15:00     543  0.510278
1936 2013-06-08  06:30:00     542  0.509069
1937 2013-06-08  06:45:00     542  0.509069
1938 2013-06-08  07:00:00     540  0.506651
1939 2013-06-08  07:15:00     538  0.504232
...         ...       ...     ...       ...
1976 2013-06-08  16:30:00     520  0.482467
1977 2013-06-08  16:45:00     520  0.482467
1978 2013-06-08  17:00:00     520  0.482467
1979 2013-06-08  17:15:00     519  0.481258
1980 2013-06-08  17:30:00     519  0.481258
1981 2013-06-08  17:45:00     518  0.480048
1982 2013-06-08  18:00:00     517  0.478839
1983 2013-06-08  18:15:00     516   0.47763
1984 2013-06-08  18:30:00     515  0.476421
1985 2013-06-08  18:45:00     515  0.476421
1986 2013-06-08  19:00:00     514  0.475212
1987 2013-06-08  19:15:00     514  0.475212
1988 2013-06-08  19:30:00     513  0.474002
1989 2013-06-08  19:45:00     512  0.472793
1990 2013-06-08  20:00:00     512  0.472793
1991 2013-06-08  20:15:00     511  0.471584
1992 2013-06-08  20:30:00     511  0.471584
1993 2013-06-08  20:45:00     510  0.470375
1994 2013-06-08  21:00:00     509  0.469166
1995 2013-06-08  21:15:00     509  0.469166
1996 2013-06-08  21:30:00     509  0.469166
1997 2013-06-08  21:45:00     508  0.467956
1998 2013-06-08  22:00:00     508  0.467956
1999 2013-06-08  22:15:00     507  0.466747
2000 2013-06-08  22:30:00     506  0.465538
2001 2013-06-08  22:45:00     506  0.465538
2002 2013-06-08  23:00:00     505  0.464329
2003 2013-06-08  23:15:00     504   0.46312
2004 2013-06-08  23:30:00     504   0.46312
2005 2013-06-08  23:45:00     503  0.461911

[96 rows x 4 columns]], dtype=object), array([Timestamp('2016-05-31 00:00:00'),
                Datum      Zeit  W [cm]  W normed
425 2016-05-31  00:00:00     426  0.368803
426 2016-05-31  00:15:00     429   0.37243
427 2016-05-31  00:30:00     431  0.374849
428 2016-05-31  00:45:00     433  0.377267
429 2016-05-31  01:00:00     435  0.379686
430 2016-05-31  01:15:00     437  0.382104
431 2016-05-31  01:30:00     438  0.383313
432 2016-05-31  01:45:00     440  0.385732
433 2016-05-31  02:00:00     443  0.389359
434 2016-05-31  02:15:00     447  0.394196
435 2016-05-31  02:30:00     448  0.395405
436 2016-05-31  02:45:00     449  0.396614
437 2016-05-31  03:00:00     451  0.399033
438 2016-05-31  03:15:00     452  0.400242
439 2016-05-31  03:30:00     454   0.40266
440 2016-05-31  03:45:00     455  0.403869
441 2016-05-31  04:00:00     458  0.407497
442 2016-05-31  04:15:00     460  0.409915
443 2016-05-31  04:30:00     462  0.412334
444 2016-05-31  04:45:00     464  0.414752
445 2016-05-31  05:00:00     465  0.415961
446 2016-05-31  05:15:00     467   0.41838
447 2016-05-31  05:30:00     468  0.419589
448 2016-05-31  05:45:00     471  0.423216
449 2016-05-31  06:00:00     474  0.426844
450 2016-05-31  06:15:00     475  0.428053
451 2016-05-31  06:30:00     477  0.430472
452 2016-05-31  06:45:00     479   0.43289
453 2016-05-31  07:00:00     480  0.434099
454 2016-05-31  07:15:00     482  0.436518
..         ...       ...     ...       ...
491 2016-05-31  16:30:00     516   0.47763
492 2016-05-31  16:45:00     516   0.47763
493 2016-05-31  17:00:00     516   0.47763
494 2016-05-31  17:15:00     517  0.478839
495 2016-05-31  17:30:00     518  0.480048
496 2016-05-31  17:45:00     518  0.480048
497 2016-05-31  18:00:00     519  0.481258
498 2016-05-31  18:15:00     520  0.482467
499 2016-05-31  18:30:00     521  0.483676
500 2016-05-31  18:45:00     522  0.484885
501 2016-05-31  19:00:00     522  0.484885
502 2016-05-31  19:15:00     523  0.486094
503 2016-05-31  19:30:00     524  0.487304
504 2016-05-31  19:45:00     525  0.488513
505 2016-05-31  20:00:00     526  0.489722
506 2016-05-31  20:15:00     528   0.49214
507 2016-05-31  20:30:00     528   0.49214
508 2016-05-31  20:45:00     529  0.493349
509 2016-05-31  21:00:00     529  0.493349
510 2016-05-31  21:15:00     530  0.494559
511 2016-05-31  21:30:00     530  0.494559
512 2016-05-31  21:45:00     530  0.494559
513 2016-05-31  22:00:00     531  0.495768
514 2016-05-31  22:15:00     531  0.495768
515 2016-05-31  22:30:00     531  0.495768
516 2016-05-31  22:45:00     532  0.496977
517 2016-05-31  23:00:00     532  0.496977
518 2016-05-31  23:15:00     533  0.498186
519 2016-05-31  23:30:00     533  0.498186
520 2016-05-31  23:45:00     533  0.498186

[96 rows x 4 columns]], dtype=object), array([Timestamp('2016-06-01 00:00:00'),
                Datum      Zeit  W [cm]  W normed
521 2016-06-01  00:00:00     533  0.498186
522 2016-06-01  00:15:00     533  0.498186
523 2016-06-01  00:30:00     533  0.498186
524 2016-06-01  00:45:00     533  0.498186
525 2016-06-01  01:00:00     534  0.499395
526 2016-06-01  01:15:00     533  0.498186
527 2016-06-01  01:30:00     533  0.498186
528 2016-06-01  01:45:00     533  0.498186
529 2016-06-01  02:00:00     533  0.498186
530 2016-06-01  02:15:00     532  0.496977
531 2016-06-01  02:30:00     532  0.496977
532 2016-06-01  02:45:00     531  0.495768
533 2016-06-01  03:00:00     531  0.495768
534 2016-06-01  03:15:00     531  0.495768
535 2016-06-01  03:30:00     531  0.495768
536 2016-06-01  03:45:00     530  0.494559
537 2016-06-01  04:00:00     530  0.494559
538 2016-06-01  04:15:00     530  0.494559
539 2016-06-01  04:30:00     530  0.494559
540 2016-06-01  04:45:00     530  0.494559
541 2016-06-01  05:00:00     529  0.493349
542 2016-06-01  05:15:00     529  0.493349
543 2016-06-01  05:30:00     529  0.493349
544 2016-06-01  05:45:00     528   0.49214
545 2016-06-01  06:00:00     528   0.49214
546 2016-06-01  06:15:00     527  0.490931
547 2016-06-01  06:30:00     527  0.490931
548 2016-06-01  06:45:00     526  0.489722
549 2016-06-01  07:00:00     527  0.490931
550 2016-06-01  07:15:00     527  0.490931
..         ...       ...     ...       ...
587 2016-06-01  16:30:00     501  0.459492
588 2016-06-01  16:45:00     500  0.458283
589 2016-06-01  17:00:00     500  0.458283
590 2016-06-01  17:15:00     498  0.455865
591 2016-06-01  17:30:00     498  0.455865
592 2016-06-01  17:45:00     498  0.455865
593 2016-06-01  18:00:00     498  0.455865
594 2016-06-01  18:15:00     497  0.454655
595 2016-06-01  18:30:00     496  0.453446
596 2016-06-01  18:45:00     496  0.453446
597 2016-06-01  19:00:00     495  0.452237
598 2016-06-01  19:15:00     494  0.451028
599 2016-06-01  19:30:00     494  0.451028
600 2016-06-01  19:45:00     493  0.449819
601 2016-06-01  20:00:00     493  0.449819
602 2016-06-01  20:15:00     493  0.449819
603 2016-06-01  20:30:00     493  0.449819
604 2016-06-01  20:45:00     492  0.448609
605 2016-06-01  21:00:00     492  0.448609
606 2016-06-01  21:15:00     492  0.448609
607 2016-06-01  21:30:00     491    0.4474
608 2016-06-01  21:45:00     491    0.4474
609 2016-06-01  22:00:00     490  0.446191
610 2016-06-01  22:15:00     489  0.444982
611 2016-06-01  22:30:00     489  0.444982
612 2016-06-01  22:45:00     487  0.442563
613 2016-06-01  23:00:00     487  0.442563
614 2016-06-01  23:15:00     488  0.443773
615 2016-06-01  23:30:00     486  0.441354
616 2016-06-01  23:45:00     487  0.442563

[96 rows x 4 columns]], dtype=object), array([Timestamp('2016-06-17 00:00:00'),
                 Datum      Zeit  W [cm]  W normed
2057 2016-06-17  00:00:00     496  0.453446
2058 2016-06-17  00:15:00     497  0.454655
2059 2016-06-17  00:30:00     496  0.453446
2060 2016-06-17  00:45:00     496  0.453446
2061 2016-06-17  01:00:00     496  0.453446
2062 2016-06-17  01:15:00     497  0.454655
2063 2016-06-17  01:30:00     497  0.454655
2064 2016-06-17  01:45:00     497  0.454655
2065 2016-06-17  02:00:00     497  0.454655
2066 2016-06-17  02:15:00     496  0.453446
2067 2016-06-17  02:30:00     496  0.453446
2068 2016-06-17  02:45:00     496  0.453446
2069 2016-06-17  03:00:00     496  0.453446
2070 2016-06-17  03:15:00     496  0.453446
2071 2016-06-17  03:30:00     496  0.453446
2072 2016-06-17  03:45:00     496  0.453446
2073 2016-06-17  04:00:00     496  0.453446
2074 2016-06-17  04:15:00     496  0.453446
2075 2016-06-17  04:30:00     495  0.452237
2076 2016-06-17  04:45:00     495  0.452237
2077 2016-06-17  05:00:00     495  0.452237
2078 2016-06-17  05:15:00     495  0.452237
2079 2016-06-17  05:30:00     495  0.452237
2080 2016-06-17  05:45:00     495  0.452237
2081 2016-06-17  06:00:00     496  0.453446
2082 2016-06-17  06:15:00     496  0.453446
2083 2016-06-17  06:30:00     496  0.453446
2084 2016-06-17  06:45:00     496  0.453446
2085 2016-06-17  07:00:00     496  0.453446
2086 2016-06-17  07:15:00     496  0.453446
...         ...       ...     ...       ...
2123 2016-06-17  16:30:00     494  0.451028
2124 2016-06-17  16:45:00     494  0.451028
2125 2016-06-17  17:00:00     493  0.449819
2126 2016-06-17  17:15:00     493  0.449819
2127 2016-06-17  17:30:00     493  0.449819
2128 2016-06-17  17:45:00     493  0.449819
2129 2016-06-17  18:00:00     494  0.451028
2130 2016-06-17  18:15:00     494  0.451028
2131 2016-06-17  18:30:00     494  0.451028
2132 2016-06-17  18:45:00     494  0.451028
2133 2016-06-17  19:00:00     495  0.452237
2134 2016-06-17  19:15:00     495  0.452237
2135 2016-06-17  19:30:00     496  0.453446
2136 2016-06-17  19:45:00     496  0.453446
2137 2016-06-17  20:00:00     496  0.453446
2138 2016-06-17  20:15:00     496  0.453446
2139 2016-06-17  20:30:00     496  0.453446
2140 2016-06-17  20:45:00     496  0.453446
2141 2016-06-17  21:00:00     496  0.453446
2142 2016-06-17  21:15:00     495  0.452237
2143 2016-06-17  21:30:00     495  0.452237
2144 2016-06-17  21:45:00     495  0.452237
2145 2016-06-17  22:00:00     496  0.453446
2146 2016-06-17  22:15:00     496  0.453446
2147 2016-06-17  22:30:00     496  0.453446
2148 2016-06-17  22:45:00     496  0.453446
2149 2016-06-17  23:00:00     496  0.453446
2150 2016-06-17  23:15:00     495  0.452237
2151 2016-06-17  23:30:00     495  0.452237
2152 2016-06-17  23:45:00     495  0.452237

[96 rows x 4 columns]], dtype=object), array([Timestamp('2016-06-19 00:00:00'),
                 Datum      Zeit  W [cm]  W normed
2249 2016-06-19  00:00:00     498  0.455865
2250 2016-06-19  00:15:00     499  0.457074
2251 2016-06-19  00:30:00     499  0.457074
2252 2016-06-19  00:45:00     499  0.457074
2253 2016-06-19  01:00:00     500  0.458283
2254 2016-06-19  01:15:00     499  0.457074
2255 2016-06-19  01:30:00     500  0.458283
2256 2016-06-19  01:45:00     500  0.458283
2257 2016-06-19  02:00:00     500  0.458283
2258 2016-06-19  02:15:00     500  0.458283
2259 2016-06-19  02:30:00     500  0.458283
2260 2016-06-19  02:45:00     501  0.459492
2261 2016-06-19  03:00:00     500  0.458283
2262 2016-06-19  03:15:00     501  0.459492
2263 2016-06-19  03:30:00     501  0.459492
2264 2016-06-19  03:45:00     501  0.459492
2265 2016-06-19  04:00:00     501  0.459492
2266 2016-06-19  04:15:00     501  0.459492
2267 2016-06-19  04:30:00     500  0.458283
2268 2016-06-19  04:45:00     500  0.458283
2269 2016-06-19  05:00:00     500  0.458283
2270 2016-06-19  05:15:00     501  0.459492
2271 2016-06-19  05:30:00     501  0.459492
2272 2016-06-19  05:45:00     501  0.459492
2273 2016-06-19  06:00:00     501  0.459492
2274 2016-06-19  06:15:00     500  0.458283
2275 2016-06-19  06:30:00     500  0.458283
2276 2016-06-19  06:45:00     501  0.459492
2277 2016-06-19  07:00:00     501  0.459492
2278 2016-06-19  07:15:00     501  0.459492
...         ...       ...     ...       ...
2315 2016-06-19  16:30:00     504   0.46312
2316 2016-06-19  16:45:00     504   0.46312
2317 2016-06-19  17:00:00     505  0.464329
2318 2016-06-19  17:15:00     505  0.464329
2319 2016-06-19  17:30:00     506  0.465538
2320 2016-06-19  17:45:00     505  0.464329
2321 2016-06-19  18:00:00     505  0.464329
2322 2016-06-19  18:15:00     505  0.464329
2323 2016-06-19  18:30:00     506  0.465538
2324 2016-06-19  18:45:00     506  0.465538
2325 2016-06-19  19:00:00     505  0.464329
2326 2016-06-19  19:15:00     506  0.465538
2327 2016-06-19  19:30:00     505  0.464329
2328 2016-06-19  19:45:00     505  0.464329
2329 2016-06-19  20:00:00     505  0.464329
2330 2016-06-19  20:15:00     505  0.464329
2331 2016-06-19  20:30:00     505  0.464329
2332 2016-06-19  20:45:00     506  0.465538
2333 2016-06-19  21:00:00     505  0.464329
2334 2016-06-19  21:15:00     506  0.465538
2335 2016-06-19  21:30:00     507  0.466747
2336 2016-06-19  21:45:00     505  0.464329
2337 2016-06-19  22:00:00     506  0.465538
2338 2016-06-19  22:15:00     507  0.466747
2339 2016-06-19  22:30:00     507  0.466747
2340 2016-06-19  22:45:00     508  0.467956
2341 2016-06-19  23:00:00     508  0.467956
2342 2016-06-19  23:15:00     508  0.467956
2343 2016-06-19  23:30:00     508  0.467956
2344 2016-06-19  23:45:00     507  0.466747

[96 rows x 4 columns]], dtype=object), array([Timestamp('2016-06-20 00:00:00'),
                 Datum      Zeit  W [cm]  W normed
2345 2016-06-20  00:00:00     507  0.466747
2346 2016-06-20  00:15:00     506  0.465538
2347 2016-06-20  00:30:00     506  0.465538
2348 2016-06-20  00:45:00     506  0.465538
2349 2016-06-20  01:00:00     507  0.466747
2350 2016-06-20  01:15:00     507  0.466747
2351 2016-06-20  01:30:00     507  0.466747
2352 2016-06-20  01:45:00     507  0.466747
2353 2016-06-20  02:00:00     507  0.466747
2354 2016-06-20  02:15:00     507  0.466747
2355 2016-06-20  02:30:00     506  0.465538
2356 2016-06-20  02:45:00     506  0.465538
2357 2016-06-20  03:00:00     505  0.464329
2358 2016-06-20  03:15:00     505  0.464329
2359 2016-06-20  03:30:00     505  0.464329
2360 2016-06-20  03:45:00     505  0.464329
2361 2016-06-20  04:00:00     505  0.464329
2362 2016-06-20  04:15:00     505  0.464329
2363 2016-06-20  04:30:00     505  0.464329
2364 2016-06-20  04:45:00     506  0.465538
2365 2016-06-20  05:00:00     506  0.465538
2366 2016-06-20  05:15:00     506  0.465538
2367 2016-06-20  05:30:00     506  0.465538
2368 2016-06-20  05:45:00     505  0.464329
2369 2016-06-20  06:00:00     505  0.464329
2370 2016-06-20  06:15:00     506  0.465538
2371 2016-06-20  06:30:00     506  0.465538
2372 2016-06-20  06:45:00     506  0.465538
2373 2016-06-20  07:00:00     506  0.465538
2374 2016-06-20  07:15:00     506  0.465538
...         ...       ...     ...       ...
2411 2016-06-20  16:30:00     504   0.46312
2412 2016-06-20  16:45:00     504   0.46312
2413 2016-06-20  17:00:00     505  0.464329
2414 2016-06-20  17:15:00     504   0.46312
2415 2016-06-20  17:30:00     504   0.46312
2416 2016-06-20  17:45:00     504   0.46312
2417 2016-06-20  18:00:00     504   0.46312
2418 2016-06-20  18:15:00     504   0.46312
2419 2016-06-20  18:30:00     505  0.464329
2420 2016-06-20  18:45:00     505  0.464329
2421 2016-06-20  19:00:00     505  0.464329
2422 2016-06-20  19:15:00     505  0.464329
2423 2016-06-20  19:30:00     505  0.464329
2424 2016-06-20  19:45:00     505  0.464329
2425 2016-06-20  20:00:00     505  0.464329
2426 2016-06-20  20:15:00     505  0.464329
2427 2016-06-20  20:30:00     505  0.464329
2428 2016-06-20  20:45:00     505  0.464329
2429 2016-06-20  21:00:00     505  0.464329
2430 2016-06-20  21:15:00     505  0.464329
2431 2016-06-20  21:30:00     505  0.464329
2432 2016-06-20  21:45:00     505  0.464329
2433 2016-06-20  22:00:00     505  0.464329
2434 2016-06-20  22:15:00     505  0.464329
2435 2016-06-20  22:30:00     505  0.464329
2436 2016-06-20  22:45:00     505  0.464329
2437 2016-06-20  23:00:00     505  0.464329
2438 2016-06-20  23:15:00     505  0.464329
2439 2016-06-20  23:30:00     505  0.464329
2440 2016-06-20  23:45:00     505  0.464329

[96 rows x 4 columns]], dtype=object), array([Timestamp('2016-06-21 00:00:00'),
                 Datum      Zeit  W [cm]  W normed
2441 2016-06-21  00:00:00     505  0.464329
2442 2016-06-21  00:15:00     505  0.464329
2443 2016-06-21  00:30:00     505  0.464329
2444 2016-06-21  00:45:00     505  0.464329
2445 2016-06-21  01:00:00     505  0.464329
2446 2016-06-21  01:15:00     505  0.464329
2447 2016-06-21  01:30:00     505  0.464329
2448 2016-06-21  01:45:00     505  0.464329
2449 2016-06-21  02:00:00     505  0.464329
2450 2016-06-21  02:15:00     505  0.464329
2451 2016-06-21  02:30:00     505  0.464329
2452 2016-06-21  02:45:00     505  0.464329
2453 2016-06-21  03:00:00     505  0.464329
2454 2016-06-21  03:15:00     505  0.464329
2455 2016-06-21  03:30:00     505  0.464329
2456 2016-06-21  03:45:00     505  0.464329
2457 2016-06-21  04:00:00     505  0.464329
2458 2016-06-21  04:15:00     505  0.464329
2459 2016-06-21  04:30:00     504   0.46312
2460 2016-06-21  04:45:00     504   0.46312
2461 2016-06-21  05:00:00     503  0.461911
2462 2016-06-21  05:15:00     501  0.459492
2463 2016-06-21  05:30:00     501  0.459492
2464 2016-06-21  05:45:00     501  0.459492
2465 2016-06-21  06:00:00     501  0.459492
2466 2016-06-21  06:15:00     500  0.458283
2467 2016-06-21  06:30:00     500  0.458283
2468 2016-06-21  06:45:00     501  0.459492
2469 2016-06-21  07:00:00     501  0.459492
2470 2016-06-21  07:15:00     501  0.459492
...         ...       ...     ...       ...
2507 2016-06-21  16:30:00     493  0.449819
2508 2016-06-21  16:45:00     492  0.448609
2509 2016-06-21  17:00:00     492  0.448609
2510 2016-06-21  17:15:00     491    0.4474
2511 2016-06-21  17:30:00     491    0.4474
2512 2016-06-21  17:45:00     491    0.4474
2513 2016-06-21  18:00:00     491    0.4474
2514 2016-06-21  18:15:00     491    0.4474
2515 2016-06-21  18:30:00     490  0.446191
2516 2016-06-21  18:45:00     490  0.446191
2517 2016-06-21  19:00:00     490  0.446191
2518 2016-06-21  19:15:00     490  0.446191
2519 2016-06-21  19:30:00     490  0.446191
2520 2016-06-21  19:45:00     489  0.444982
2521 2016-06-21  20:00:00     489  0.444982
2522 2016-06-21  20:15:00     489  0.444982
2523 2016-06-21  20:30:00     489  0.444982
2524 2016-06-21  20:45:00     489  0.444982
2525 2016-06-21  21:00:00     489  0.444982
2526 2016-06-21  21:15:00     489  0.444982
2527 2016-06-21  21:30:00     488  0.443773
2528 2016-06-21  21:45:00     488  0.443773
2529 2016-06-21  22:00:00     488  0.443773
2530 2016-06-21  22:15:00     487  0.442563
2531 2016-06-21  22:30:00     487  0.442563
2532 2016-06-21  22:45:00     487  0.442563
2533 2016-06-21  23:00:00     487  0.442563
2534 2016-06-21  23:15:00     487  0.442563
2535 2016-06-21  23:30:00     487  0.442563
2536 2016-06-21  23:45:00     487  0.442563

[96 rows x 4 columns]], dtype=object)]
INFO:root:
 --------- Function calAvrMeanValue 

INFO:root:[datetime.time(0, 0) datetime.time(0, 15) datetime.time(0, 30)
 datetime.time(0, 45) datetime.time(1, 0) datetime.time(1, 15)
 datetime.time(1, 30) datetime.time(1, 45) datetime.time(2, 0)
 datetime.time(2, 15) datetime.time(2, 30) datetime.time(2, 45)
 datetime.time(3, 0) datetime.time(3, 15) datetime.time(3, 30)
 datetime.time(3, 45) datetime.time(4, 0) datetime.time(4, 15)
 datetime.time(4, 30) datetime.time(4, 45) datetime.time(5, 0)
 datetime.time(5, 15) datetime.time(5, 30) datetime.time(5, 45)
 datetime.time(6, 0) datetime.time(6, 15) datetime.time(6, 30)
 datetime.time(6, 45) datetime.time(7, 0) datetime.time(7, 15)
 datetime.time(7, 30) datetime.time(7, 45) datetime.time(8, 0)
 datetime.time(8, 15) datetime.time(8, 30) datetime.time(8, 45)
 datetime.time(9, 0) datetime.time(9, 15) datetime.time(9, 30)
 datetime.time(9, 45) datetime.time(10, 0) datetime.time(10, 15)
 datetime.time(10, 30) datetime.time(10, 45) datetime.time(11, 0)
 datetime.time(11, 15) datetime.time(11, 30) datetime.time(11, 45)
 datetime.time(12, 0) datetime.time(12, 15) datetime.time(12, 30)
 datetime.time(12, 45) datetime.time(13, 0) datetime.time(13, 15)
 datetime.time(13, 30) datetime.time(13, 45) datetime.time(14, 0)
 datetime.time(14, 15) datetime.time(14, 30) datetime.time(14, 45)
 datetime.time(15, 0) datetime.time(15, 15) datetime.time(15, 30)
 datetime.time(15, 45) datetime.time(16, 0) datetime.time(16, 15)
 datetime.time(16, 30) datetime.time(16, 45) datetime.time(17, 0)
 datetime.time(17, 15) datetime.time(17, 30) datetime.time(17, 45)
 datetime.time(18, 0) datetime.time(18, 15) datetime.time(18, 30)
 datetime.time(18, 45) datetime.time(19, 0) datetime.time(19, 15)
 datetime.time(19, 30) datetime.time(19, 45) datetime.time(20, 0)
 datetime.time(20, 15) datetime.time(20, 30) datetime.time(20, 45)
 datetime.time(21, 0) datetime.time(21, 15) datetime.time(21, 30)
 datetime.time(21, 45) datetime.time(22, 0) datetime.time(22, 15)
 datetime.time(22, 30) datetime.time(22, 45) datetime.time(23, 0)
 datetime.time(23, 15) datetime.time(23, 30) datetime.time(23, 45)]
INFO:root:[0.48465840386940756, 0.48420495767835564, 0.4842049576783556, 0.4842805320435309, 0.4846584038694075, 0.4848095525997582, 0.4848095525997582, 0.4848851269649335, 0.48518742442563484, 0.4854141475211608, 0.4854897218863361, 0.4854897218863362, 0.4855652962515115, 0.4855652962515115, 0.48541414752116085, 0.48556529625151146, 0.48564087061668687, 0.4857920193470375, 0.4857920193470374, 0.48579201934703753, 0.4857164449818622, 0.48579201934703753, 0.4857920193470374, 0.48556529625151157, 0.48579201934703753, 0.4857920193470375, 0.4860187424425634, 0.4863966142684402, 0.4863966142684402, 0.48639661426844016, 0.48609431680773874, 0.4866233373639662, 0.48700120918984285, 0.48692563482466755, 0.48685006045949214, 0.4870012091898428, 0.48677448609431695, 0.4868500604594922, 0.48700120918984274, 0.4871523579201934, 0.4868500604594921, 0.4863966142684401, 0.4860187424425635, 0.48586759371221283, 0.4855652962515115, 0.48518742442563484, 0.48511185006045954, 0.4849607013301089, 0.4848851269649335, 0.48488512696493347, 0.48526299879081025, 0.48518742442563484, 0.4851118500604595, 0.4851118500604594, 0.48526299879081014, 0.4853385731559855, 0.4854897218863361, 0.4852629987908101, 0.48518742442563484, 0.4848095525997581, 0.48465840386940745, 0.4848851269649335, 0.4848851269649335, 0.4848851269649335, 0.48465840386940745, 0.48511185006045954, 0.48465840386940745, 0.4845072551390568, 0.4845828295042321, 0.48405380894800476, 0.48428053204353083, 0.4841293833131801, 0.4841293833131801, 0.4842049576783555, 0.4842805320435309, 0.4844316807738816, 0.4844316807738815, 0.48465840386940756, 0.4848851269649336, 0.4851118500604594, 0.48526299879081014, 0.48548972188633616, 0.4855652962515114, 0.4857164449818621, 0.4857164449818621, 0.4857164449818622, 0.4857920193470375, 0.48571644498186217, 0.4860187424425636, 0.4857164449818621, 0.4860187424425635, 0.4860943168077388, 0.4860943168077388, 0.4859431680773882, 0.4859431680773881, 0.4859431680773882]
INFO:root:96
INFO:root:96
INFO:root:
 --------- Function calMeanValue 

INFO:root:Red_Zone (normed): Datum       2016-06-30 00:00:00
Zeit                   23:45:00
W [cm]                      948
W normed                      1
dtype: object
INFO:root:
Max Yellow_Zone (normed): 0
INFO:root:.... in cm: 121
INFO:root:Min Yellow_Zone (normalized): 0
INFO:root:.... in cm: 121
INFO:root:
Green_Zone (normed): Datum       1993-12-01 00:00:00
Zeit                   00:00:00
W [cm]                      121
W normed                      0
dtype: object
INFO:root:
 --------- Function _process_Zone 

INFO:root:Indexing: {0} {0} {0}
INFO:root:Length left list: 0 
INFO:root:Length right list: 0 
INFO:root:LEFT []
INFO:root:RIGHT []
INFO:root:
 --------- Function _findWaterlevel 

INFO:root:RED_RESULT: 
INFO:root:[]
INFO:root:----------
INFO:root:YELLOW_RESULT: 
INFO:root:[]
INFO:root:----------
INFO:root:GREEN_RESULT: 
INFO:root:[]
INFO:root:TOTAL GYR: 0 
INFO:root:
 --------- Function _process_Zone_prio 

INFO:root:0 0 0
INFO:root:
 --------- Function Visualization 

INFO:root:x_coord: [] 
INFO:root:y_coord: [] 
INFO:root:
 --------- Function _task_lspm 

INFO:root:self.x_final_list: []
INFO:root:self.y_final_list: []
INFO:root:0 0
INFO:root:
 --------- Method 1: 

INFO:root:Length time x-coord 0
INFO:root:Length waterlevel y-coord 0
INFO:root:Time data x-coord []
INFO:root:Waterlevel data y-coord {[]}
INFO:root:Coefficients = {[ -2.63992754e-06   5.06465791e-05   4.85344451e-01]}

INFO:root:
 --------- Method 2: 

INFO:root:Length time x-coord {96}
INFO:root:Length waterlevel y-coord {0}
INFO:root:Time data x-coord {[datetime.time(0, 0) datetime.time(0, 15) datetime.time(0, 30)
 datetime.time(0, 45) datetime.time(1, 0) datetime.time(1, 15)
 datetime.time(1, 30) datetime.time(1, 45) datetime.time(2, 0)
 datetime.time(2, 15) datetime.time(2, 30) datetime.time(2, 45)
 datetime.time(3, 0) datetime.time(3, 15) datetime.time(3, 30)
 datetime.time(3, 45) datetime.time(4, 0) datetime.time(4, 15)
 datetime.time(4, 30) datetime.time(4, 45) datetime.time(5, 0)
 datetime.time(5, 15) datetime.time(5, 30) datetime.time(5, 45)
 datetime.time(6, 0) datetime.time(6, 15) datetime.time(6, 30)
 datetime.time(6, 45) datetime.time(7, 0) datetime.time(7, 15)
 datetime.time(7, 30) datetime.time(7, 45) datetime.time(8, 0)
 datetime.time(8, 15) datetime.time(8, 30) datetime.time(8, 45)
 datetime.time(9, 0) datetime.time(9, 15) datetime.time(9, 30)
 datetime.time(9, 45) datetime.time(10, 0) datetime.time(10, 15)
 datetime.time(10, 30) datetime.time(10, 45) datetime.time(11, 0)
 datetime.time(11, 15) datetime.time(11, 30) datetime.time(11, 45)
 datetime.time(12, 0) datetime.time(12, 15) datetime.time(12, 30)
 datetime.time(12, 45) datetime.time(13, 0) datetime.time(13, 15)
 datetime.time(13, 30) datetime.time(13, 45) datetime.time(14, 0)
 datetime.time(14, 15) datetime.time(14, 30) datetime.time(14, 45)
 datetime.time(15, 0) datetime.time(15, 15) datetime.time(15, 30)
 datetime.time(15, 45) datetime.time(16, 0) datetime.time(16, 15)
 datetime.time(16, 30) datetime.time(16, 45) datetime.time(17, 0)
 datetime.time(17, 15) datetime.time(17, 30) datetime.time(17, 45)
 datetime.time(18, 0) datetime.time(18, 15) datetime.time(18, 30)
 datetime.time(18, 45) datetime.time(19, 0) datetime.time(19, 15)
 datetime.time(19, 30) datetime.time(19, 45) datetime.time(20, 0)
 datetime.time(20, 15) datetime.time(20, 30) datetime.time(20, 45)
 datetime.time(21, 0) datetime.time(21, 15) datetime.time(21, 30)
 datetime.time(21, 45) datetime.time(22, 0) datetime.time(22, 15)
 datetime.time(22, 30) datetime.time(22, 45) datetime.time(23, 0)
 datetime.time(23, 15) datetime.time(23, 30) datetime.time(23, 45)]}
INFO:root:Waterlevel data y-coord {[]}
INFO:root:Coefficients = {[ -2.63992754e-06   5.06465791e-05   4.85344451e-01]}

INFO:root:The predicting water level is {0.485080} 
INFO:root:Result in cm is {522} 
INFO:root:(Artificial) Result: {0.518236}
INFO:root:(Artificial) Result in cm: {549}
