INFO:root:Input '3', run both methods
INFO:root:2017-08-23 142822
INFO:root:
 --------- Function normalizedata 

INFO:root:All Data before normalizing: [140 140 140 ..., 402 402 402]
INFO:root:
 --------- Function init_data 

INFO:root:Data imported from Excel file [[Timestamp('1993-12-01 00:00:00') datetime.time(0, 0) 140
  0.022974607013301087]
 [Timestamp('1993-12-01 00:00:00') datetime.time(0, 15) 140
  0.022974607013301087]
 [Timestamp('1993-12-01 00:00:00') datetime.time(0, 30) 140
  0.022974607013301087]
 ..., 
 [Timestamp('2016-06-30 00:00:00') datetime.time(7, 0) 402
  0.33978234582829503]
 [Timestamp('2016-06-30 00:00:00') datetime.time(7, 15) 402
  0.33978234582829503]
 [Timestamp('2016-06-30 00:00:00') datetime.time(7, 30) 402
  0.33978234582829503]]
INFO:root:Highest water level 948
INFO:root:Lowest water level 121
INFO:root:
 --------- Function classifyData 

INFO:root:RED_ARRAY [[Timestamp('1993-12-21 00:00:00') datetime.time(13, 45) 700
  0.7001209189842805]
 [Timestamp('1993-12-21 00:00:00') datetime.time(14, 0) 702
  0.7025392986698912]
 [Timestamp('1993-12-21 00:00:00') datetime.time(14, 15) 705
  0.7061668681983071]
 ..., 
 [Timestamp('1995-02-02 00:00:00') datetime.time(22, 15) 700
  0.7001209189842805]
 [Timestamp('1995-02-02 00:00:00') datetime.time(22, 30) 701
  0.7013301088270859]
 [Timestamp('1995-02-02 00:00:00') datetime.time(22, 45) 701
  0.7013301088270859]]
INFO:root:YELLOW_ARRAY [[Timestamp('1993-12-11 00:00:00') datetime.time(13, 45) 287
  0.2007255139056832]
 [Timestamp('1993-12-11 00:00:00') datetime.time(14, 0) 288
  0.20193470374848851]
 [Timestamp('1993-12-11 00:00:00') datetime.time(14, 15) 289
  0.20314389359129384]
 ..., 
 [Timestamp('2016-06-30 00:00:00') datetime.time(7, 0) 402
  0.33978234582829503]
 [Timestamp('2016-06-30 00:00:00') datetime.time(7, 15) 402
  0.33978234582829503]
 [Timestamp('2016-06-30 00:00:00') datetime.time(7, 30) 402
  0.33978234582829503]]
INFO:root:GREEN_ARRAY [[Timestamp('1993-12-01 00:00:00') datetime.time(0, 0) 140
  0.022974607013301087]
 [Timestamp('1993-12-01 00:00:00') datetime.time(0, 15) 140
  0.022974607013301087]
 [Timestamp('1993-12-01 00:00:00') datetime.time(0, 30) 140
  0.022974607013301087]
 ..., 
 [Timestamp('1995-01-22 00:00:00') datetime.time(17, 30) 285
  0.19830713422007254]
 [Timestamp('1995-01-22 00:00:00') datetime.time(17, 45) 285
  0.19830713422007254]
 [Timestamp('1995-01-22 00:00:00') datetime.time(18, 0) 286
  0.19951632406287786]]
INFO:root:-> Waterlevel data in red {1.0}
INFO:root:-> Waterlevel data in yellow {0.3996245076380941}
INFO:root:-> Waterlevel data in green {0.0}
INFO:root:type of red_array: <class 'numpy.ndarray'>
INFO:root:test first element of red_array: 1993-12-21 00:00:00
INFO:root:test second element of red_array: 13:45:00
INFO:root:test third element of red_array: 700
INFO:root:red array 1686
INFO:root:yellow array 13254
INFO:root:green array 2103
INFO:root:non distributed 0
INFO:root:17043
INFO:root:<class 'numpy.ndarray'>
INFO:root:
 --------- Function rateofchange (Method 2)
INFO:root:[]
INFO:root:<class 'list'>
INFO:root:0
INFO:root:Rate of change: 
INFO:root:[]
INFO:root:Length of list of rate_of_change: []
INFO:root:
 --------- Function calAvrMeanValue 

INFO:root:[]
INFO:root:[]
INFO:root:0
INFO:root:0
INFO:root:
 --------- Function calMeanValue 

INFO:root:Red_Zone (normed): Datum     2016-06-30 00:00:00
Zeit                 23:45:00
W [cm]                    948
dtype: object
INFO:root:
Max Yellow_Zone (normed): 0
INFO:root:.... in cm: 121
INFO:root:Min Yellow_Zone (normalized): 0
INFO:root:.... in cm: 121
INFO:root:
Green_Zone (normed): Datum     1993-12-01 00:00:00
Zeit                 00:00:00
W [cm]                    121
dtype: object
INFO:root:
 --------- Function _process_Zone 

INFO:root:Indexing: {8} {40} {72}
INFO:root:Length left list: 0 
INFO:root:Length right list: 0 
INFO:root:LEFT []
INFO:root:RIGHT []
INFO:root:
 --------- Function _findWaterlevel 

INFO:root:RED_RESULT: 
INFO:root:[[datetime.time(0, 0) 17]
 [datetime.time(0, 15) 18]
 [datetime.time(0, 30) 18]
 [datetime.time(0, 45) 18]
 [datetime.time(1, 0) 18]
 [datetime.time(1, 15) 18]
 [datetime.time(1, 30) 18]
 [datetime.time(1, 45) 18]
 [datetime.time(2, 0) 18]
 [datetime.time(2, 15) 18]
 [datetime.time(2, 30) 18]
 [datetime.time(2, 45) 18]
 [datetime.time(3, 0) 18]
 [datetime.time(3, 15) 18]
 [datetime.time(3, 30) 18]
 [datetime.time(3, 45) 18]
 [datetime.time(4, 0) 18]
 [datetime.time(4, 15) 18]
 [datetime.time(4, 30) 18]
 [datetime.time(4, 45) 18]
 [datetime.time(5, 0) 18]
 [datetime.time(5, 15) 18]
 [datetime.time(5, 30) 18]
 [datetime.time(5, 45) 17]
 [datetime.time(6, 0) 17]
 [datetime.time(6, 15) 17]
 [datetime.time(6, 30) 17]
 [datetime.time(6, 45) 17]
 [datetime.time(7, 0) 17]
 [datetime.time(7, 15) 17]
 [datetime.time(7, 30) 17]
 [datetime.time(7, 45) 17]
 [datetime.time(8, 0) 16]
 [datetime.time(8, 15) 16]
 [datetime.time(8, 30) 16]
 [datetime.time(8, 45) 16]
 [datetime.time(9, 0) 16]
 [datetime.time(9, 15) 17]
 [datetime.time(9, 30) 17]
 [datetime.time(9, 45) 17]
 [datetime.time(10, 0) 17]
 [datetime.time(10, 15) 17]
 [datetime.time(10, 30) 17]
 [datetime.time(10, 45) 17]
 [datetime.time(11, 0) 17]
 [datetime.time(11, 15) 17]
 [datetime.time(11, 30) 17]
 [datetime.time(11, 45) 17]
 [datetime.time(12, 0) 17]
 [datetime.time(12, 15) 17]
 [datetime.time(12, 30) 17]
 [datetime.time(12, 45) 17]
 [datetime.time(13, 0) 17]
 [datetime.time(13, 15) 17]
 [datetime.time(13, 30) 17]
 [datetime.time(13, 45) 18]
 [datetime.time(14, 0) 18]
 [datetime.time(14, 15) 18]
 [datetime.time(14, 30) 18]
 [datetime.time(14, 45) 18]
 [datetime.time(15, 0) 18]
 [datetime.time(15, 15) 18]
 [datetime.time(15, 30) 18]
 [datetime.time(15, 45) 18]
 [datetime.time(16, 0) 18]
 [datetime.time(16, 15) 18]
 [datetime.time(16, 30) 18]
 [datetime.time(16, 45) 18]
 [datetime.time(17, 0) 18]
 [datetime.time(17, 15) 18]
 [datetime.time(17, 30) 18]
 [datetime.time(17, 45) 18]
 [datetime.time(18, 0) 18]
 [datetime.time(18, 15) 18]
 [datetime.time(18, 30) 18]
 [datetime.time(18, 45) 18]
 [datetime.time(19, 0) 18]
 [datetime.time(19, 15) 18]
 [datetime.time(19, 30) 18]
 [datetime.time(19, 45) 18]
 [datetime.time(20, 0) 18]
 [datetime.time(20, 15) 18]
 [datetime.time(20, 30) 18]
 [datetime.time(20, 45) 18]
 [datetime.time(21, 0) 18]
 [datetime.time(21, 15) 18]
 [datetime.time(21, 30) 18]
 [datetime.time(21, 45) 18]
 [datetime.time(22, 0) 18]
 [datetime.time(22, 15) 18]
 [datetime.time(22, 30) 18]
 [datetime.time(22, 45) 18]
 [datetime.time(23, 0) 17]
 [datetime.time(23, 15) 17]
 [datetime.time(23, 30) 17]
 [datetime.time(23, 45) 17]]
INFO:root:----------
INFO:root:YELLOW_RESULT: 
INFO:root:[[datetime.time(0, 0) 140]
 [datetime.time(0, 15) 139]
 [datetime.time(0, 30) 139]
 [datetime.time(0, 45) 139]
 [datetime.time(1, 0) 138]
 [datetime.time(1, 15) 138]
 [datetime.time(1, 30) 138]
 [datetime.time(1, 45) 139]
 [datetime.time(2, 0) 139]
 [datetime.time(2, 15) 139]
 [datetime.time(2, 30) 139]
 [datetime.time(2, 45) 139]
 [datetime.time(3, 0) 139]
 [datetime.time(3, 15) 139]
 [datetime.time(3, 30) 139]
 [datetime.time(3, 45) 138]
 [datetime.time(4, 0) 138]
 [datetime.time(4, 15) 138]
 [datetime.time(4, 30) 138]
 [datetime.time(4, 45) 138]
 [datetime.time(5, 0) 138]
 [datetime.time(5, 15) 138]
 [datetime.time(5, 30) 138]
 [datetime.time(5, 45) 139]
 [datetime.time(6, 0) 139]
 [datetime.time(6, 15) 139]
 [datetime.time(6, 30) 139]
 [datetime.time(6, 45) 139]
 [datetime.time(7, 0) 139]
 [datetime.time(7, 15) 139]
 [datetime.time(7, 30) 139]
 [datetime.time(7, 45) 139]
 [datetime.time(8, 0) 140]
 [datetime.time(8, 15) 141]
 [datetime.time(8, 30) 141]
 [datetime.time(8, 45) 141]
 [datetime.time(9, 0) 141]
 [datetime.time(9, 15) 139]
 [datetime.time(9, 30) 138]
 [datetime.time(9, 45) 138]
 [datetime.time(10, 0) 137]
 [datetime.time(10, 15) 137]
 [datetime.time(10, 30) 137]
 [datetime.time(10, 45) 137]
 [datetime.time(11, 0) 137]
 [datetime.time(11, 15) 137]
 [datetime.time(11, 30) 136]
 [datetime.time(11, 45) 136]
 [datetime.time(12, 0) 136]
 [datetime.time(12, 15) 136]
 [datetime.time(12, 30) 136]
 [datetime.time(12, 45) 136]
 [datetime.time(13, 0) 136]
 [datetime.time(13, 15) 136]
 [datetime.time(13, 30) 136]
 [datetime.time(13, 45) 137]
 [datetime.time(14, 0) 137]
 [datetime.time(14, 15) 137]
 [datetime.time(14, 30) 137]
 [datetime.time(14, 45) 137]
 [datetime.time(15, 0) 137]
 [datetime.time(15, 15) 138]
 [datetime.time(15, 30) 138]
 [datetime.time(15, 45) 138]
 [datetime.time(16, 0) 138]
 [datetime.time(16, 15) 138]
 [datetime.time(16, 30) 138]
 [datetime.time(16, 45) 137]
 [datetime.time(17, 0) 137]
 [datetime.time(17, 15) 137]
 [datetime.time(17, 30) 137]
 [datetime.time(17, 45) 137]
 [datetime.time(18, 0) 137]
 [datetime.time(18, 15) 138]
 [datetime.time(18, 30) 138]
 [datetime.time(18, 45) 138]
 [datetime.time(19, 0) 138]
 [datetime.time(19, 15) 138]
 [datetime.time(19, 30) 138]
 [datetime.time(19, 45) 138]
 [datetime.time(20, 0) 138]
 [datetime.time(20, 15) 138]
 [datetime.time(20, 30) 138]
 [datetime.time(20, 45) 138]
 [datetime.time(21, 0) 138]
 [datetime.time(21, 15) 138]
 [datetime.time(21, 30) 138]
 [datetime.time(21, 45) 138]
 [datetime.time(22, 0) 138]
 [datetime.time(22, 15) 138]
 [datetime.time(22, 30) 138]
 [datetime.time(22, 45) 138]
 [datetime.time(23, 0) 139]
 [datetime.time(23, 15) 139]
 [datetime.time(23, 30) 139]
 [datetime.time(23, 45) 140]]
INFO:root:----------
INFO:root:GREEN_RESULT: 
INFO:root:[[datetime.time(0, 0) 21]
 [datetime.time(0, 15) 21]
 [datetime.time(0, 30) 21]
 [datetime.time(0, 45) 21]
 [datetime.time(1, 0) 22]
 [datetime.time(1, 15) 22]
 [datetime.time(1, 30) 22]
 [datetime.time(1, 45) 21]
 [datetime.time(2, 0) 21]
 [datetime.time(2, 15) 21]
 [datetime.time(2, 30) 22]
 [datetime.time(2, 45) 22]
 [datetime.time(3, 0) 22]
 [datetime.time(3, 15) 22]
 [datetime.time(3, 30) 22]
 [datetime.time(3, 45) 23]
 [datetime.time(4, 0) 23]
 [datetime.time(4, 15) 23]
 [datetime.time(4, 30) 23]
 [datetime.time(4, 45) 23]
 [datetime.time(5, 0) 23]
 [datetime.time(5, 15) 23]
 [datetime.time(5, 30) 23]
 [datetime.time(5, 45) 23]
 [datetime.time(6, 0) 23]
 [datetime.time(6, 15) 23]
 [datetime.time(6, 30) 23]
 [datetime.time(6, 45) 23]
 [datetime.time(7, 0) 23]
 [datetime.time(7, 15) 23]
 [datetime.time(7, 30) 23]
 [datetime.time(7, 45) 22]
 [datetime.time(8, 0) 22]
 [datetime.time(8, 15) 21]
 [datetime.time(8, 30) 21]
 [datetime.time(8, 45) 21]
 [datetime.time(9, 0) 21]
 [datetime.time(9, 15) 22]
 [datetime.time(9, 30) 23]
 [datetime.time(9, 45) 22]
 [datetime.time(10, 0) 23]
 [datetime.time(10, 15) 23]
 [datetime.time(10, 30) 23]
 [datetime.time(10, 45) 23]
 [datetime.time(11, 0) 23]
 [datetime.time(11, 15) 23]
 [datetime.time(11, 30) 23]
 [datetime.time(11, 45) 23]
 [datetime.time(12, 0) 23]
 [datetime.time(12, 15) 23]
 [datetime.time(12, 30) 23]
 [datetime.time(12, 45) 23]
 [datetime.time(13, 0) 23]
 [datetime.time(13, 15) 23]
 [datetime.time(13, 30) 23]
 [datetime.time(13, 45) 22]
 [datetime.time(14, 0) 22]
 [datetime.time(14, 15) 22]
 [datetime.time(14, 30) 22]
 [datetime.time(14, 45) 22]
 [datetime.time(15, 0) 22]
 [datetime.time(15, 15) 21]
 [datetime.time(15, 30) 21]
 [datetime.time(15, 45) 21]
 [datetime.time(16, 0) 21]
 [datetime.time(16, 15) 21]
 [datetime.time(16, 30) 21]
 [datetime.time(16, 45) 22]
 [datetime.time(17, 0) 22]
 [datetime.time(17, 15) 22]
 [datetime.time(17, 30) 22]
 [datetime.time(17, 45) 22]
 [datetime.time(18, 0) 22]
 [datetime.time(18, 15) 21]
 [datetime.time(18, 30) 21]
 [datetime.time(18, 45) 21]
 [datetime.time(19, 0) 21]
 [datetime.time(19, 15) 21]
 [datetime.time(19, 30) 21]
 [datetime.time(19, 45) 21]
 [datetime.time(20, 0) 21]
 [datetime.time(20, 15) 21]
 [datetime.time(20, 30) 21]
 [datetime.time(20, 45) 21]
 [datetime.time(21, 0) 21]
 [datetime.time(21, 15) 21]
 [datetime.time(21, 30) 21]
 [datetime.time(21, 45) 21]
 [datetime.time(22, 0) 21]
 [datetime.time(22, 15) 21]
 [datetime.time(22, 30) 21]
 [datetime.time(22, 45) 21]
 [datetime.time(23, 0) 21]
 [datetime.time(23, 15) 21]
 [datetime.time(23, 30) 21]
 [datetime.time(23, 45) 20]]
INFO:root:00:00:00
INFO:root:21
INFO:root:TOTAL GYR: [178, 178, 178, 178, 178, 178, 178, 178, 178, 178, 179, 179, 179, 179, 179, 179, 179, 179, 179, 179, 179, 179, 179, 179, 179, 179, 179, 179, 179, 179, 179, 178, 178, 178, 178, 178, 178, 178, 178, 177, 177, 177, 177, 177, 177, 177, 176, 176, 176, 176, 176, 176, 176, 176, 176, 177, 177, 177, 177, 177, 177, 177, 177, 177, 177, 177, 177, 177, 177, 177, 177, 177, 177, 177, 177, 177, 177, 177, 177, 177, 177, 177, 177, 177, 177, 177, 177, 177, 177, 177, 177, 177, 177, 177, 177, 177] 
INFO:root:
 --------- Function _process_Zone_prio 

INFO:root:8 40 72
INFO:root:
 --------- Function Visualization 

INFO:root:x_coord: [] 
INFO:root:y_coord: [] 
INFO:root:
 --------- Function _task_lspm 

INFO:root:self.x_final_list: [datetime.time(2, 0), datetime.time(2, 15), datetime.time(2, 30), datetime.time(2, 45), datetime.time(3, 0), datetime.time(3, 15), datetime.time(3, 30), datetime.time(3, 45), datetime.time(4, 0), datetime.time(4, 15), datetime.time(4, 30), datetime.time(4, 45), datetime.time(5, 0), datetime.time(5, 15), datetime.time(5, 30), datetime.time(5, 45), datetime.time(6, 0), datetime.time(6, 15), datetime.time(6, 30), datetime.time(6, 45), datetime.time(7, 0), datetime.time(7, 15), datetime.time(7, 30), datetime.time(7, 45), datetime.time(8, 0), datetime.time(8, 15), datetime.time(8, 30), datetime.time(8, 45), datetime.time(9, 0), datetime.time(9, 15), datetime.time(9, 30), datetime.time(9, 45), datetime.time(10, 0), datetime.time(10, 15), datetime.time(10, 30), datetime.time(10, 45), datetime.time(11, 0), datetime.time(11, 15), datetime.time(11, 30), datetime.time(11, 45), datetime.time(12, 0), datetime.time(12, 15), datetime.time(12, 30), datetime.time(12, 45), datetime.time(13, 0), datetime.time(13, 15), datetime.time(13, 30), datetime.time(13, 45), datetime.time(14, 0), datetime.time(14, 15), datetime.time(14, 30), datetime.time(14, 45), datetime.time(15, 0), datetime.time(15, 15), datetime.time(15, 30), datetime.time(15, 45), datetime.time(16, 0), datetime.time(16, 15), datetime.time(16, 30), datetime.time(16, 45), datetime.time(17, 0), datetime.time(17, 15), datetime.time(17, 30), datetime.time(17, 45)]
INFO:root:self.y_final_list: [0.40626949487500369, 0.40632619343834409, 0.40579562965314769, 0.40573978624886192, 0.40567801323578767, 0.40574541562429378, 0.40558989474569118, 0.40564198523302264, 0.405829856255775, 0.4058676856586782, 0.40581139190435761, 0.40594409504787599, 0.40602455758738482, 0.4058196483216579, 0.40566562860983701, 0.40563057636548022, 0.40564356145814351, 0.40565999923440482, 0.40584486792359381, 0.40579540447813078, 0.40609428678440357, 0.40589222973556233, 0.40573760955702837, 0.40613272002742806, 0.40624490272704938, 0.40612027215006807, 0.40584156113991271, 0.40567533643614417, 0.40561180672059377, 0.40567374250062804, 0.40575814518126341, 0.40637790264475071, 0.40624664417771594, 0.40613135165287023, 0.40604185026540685, 0.40590222503059037, 0.40596578176199671, 0.4059151973586192, 0.40643280301632934, 0.40650003198422002, 0.40651322935666984, 0.40656563068845558, 0.40670878336373378, 0.40664365044911444, 0.40666701756151064, 0.40658884253764654, 0.40665669255835862, 0.40615023444988224, 0.40617871216407547, 0.4062338253683625, 0.40620964617706645, 0.4061080168142861, 0.40602411885845641, 0.40602243015303241, 0.40604062211600744, 0.40613104461552024, 0.40598558567105791, 0.40606587593802773, 0.40601176060512717, 0.40611185478115852, 0.406188997915293, 0.40608990161064878, 0.40607639196725831, 0.40599541086625124]
INFO:root:64 64
INFO:root:
 --------- Method 1: 

INFO:root:Length time x-coord 64
INFO:root:Length waterlevel y-coord 64
INFO:root:Time data x-coord [datetime.time(2, 0), datetime.time(2, 15), datetime.time(2, 30), datetime.time(2, 45), datetime.time(3, 0), datetime.time(3, 15), datetime.time(3, 30), datetime.time(3, 45), datetime.time(4, 0), datetime.time(4, 15), datetime.time(4, 30), datetime.time(4, 45), datetime.time(5, 0), datetime.time(5, 15), datetime.time(5, 30), datetime.time(5, 45), datetime.time(6, 0), datetime.time(6, 15), datetime.time(6, 30), datetime.time(6, 45), datetime.time(7, 0), datetime.time(7, 15), datetime.time(7, 30), datetime.time(7, 45), datetime.time(8, 0), datetime.time(8, 15), datetime.time(8, 30), datetime.time(8, 45), datetime.time(9, 0), datetime.time(9, 15), datetime.time(9, 30), datetime.time(9, 45), datetime.time(10, 0), datetime.time(10, 15), datetime.time(10, 30), datetime.time(10, 45), datetime.time(11, 0), datetime.time(11, 15), datetime.time(11, 30), datetime.time(11, 45), datetime.time(12, 0), datetime.time(12, 15), datetime.time(12, 30), datetime.time(12, 45), datetime.time(13, 0), datetime.time(13, 15), datetime.time(13, 30), datetime.time(13, 45), datetime.time(14, 0), datetime.time(14, 15), datetime.time(14, 30), datetime.time(14, 45), datetime.time(15, 0), datetime.time(15, 15), datetime.time(15, 30), datetime.time(15, 45), datetime.time(16, 0), datetime.time(16, 15), datetime.time(16, 30), datetime.time(16, 45), datetime.time(17, 0), datetime.time(17, 15), datetime.time(17, 30), datetime.time(17, 45)]
INFO:root:Waterlevel data y-coord {[0.40626949487500369, 0.40632619343834409, 0.40579562965314769, 0.40573978624886192, 0.40567801323578767, 0.40574541562429378, 0.40558989474569118, 0.40564198523302264, 0.405829856255775, 0.4058676856586782, 0.40581139190435761, 0.40594409504787599, 0.40602455758738482, 0.4058196483216579, 0.40566562860983701, 0.40563057636548022, 0.40564356145814351, 0.40565999923440482, 0.40584486792359381, 0.40579540447813078, 0.40609428678440357, 0.40589222973556233, 0.40573760955702837, 0.40613272002742806, 0.40624490272704938, 0.40612027215006807, 0.40584156113991271, 0.40567533643614417, 0.40561180672059377, 0.40567374250062804, 0.40575814518126341, 0.40637790264475071, 0.40624664417771594, 0.40613135165287023, 0.40604185026540685, 0.40590222503059037, 0.40596578176199671, 0.4059151973586192, 0.40643280301632934, 0.40650003198422002, 0.40651322935666984, 0.40656563068845558, 0.40670878336373378, 0.40664365044911444, 0.40666701756151064, 0.40658884253764654, 0.40665669255835862, 0.40615023444988224, 0.40617871216407547, 0.4062338253683625, 0.40620964617706645, 0.4061080168142861, 0.40602411885845641, 0.40602243015303241, 0.40604062211600744, 0.40613104461552024, 0.40598558567105791, 0.40606587593802773, 0.40601176060512717, 0.40611185478115852, 0.406188997915293, 0.40608990161064878, 0.40607639196725831, 0.40599541086625124]}
INFO:root:Coefficients = {[ -2.56055739e-06   8.05686148e-05   4.05553564e-01]}

INFO:root:
 --------- Method 2: 

INFO:root:Length time x-coord {0}
INFO:root:Length waterlevel y-coord {0}
INFO:root:Time data x-coord {[]}
INFO:root:Waterlevel data y-coord {[]}
INFO:root:Coefficients = {[ -2.56055739e-06   8.05686148e-05   4.05553564e-01]}

